Downloading https://services.gradle.org/distributions/gradle-8.11.1-bin.zip
.............10%.............20%.............30%.............40%.............50%.............60%.............70%.............80%.............90%.............100%

Welcome to Gradle 8.11.1!

Here are the highlights of this release:
 - Parallel load and store for Configuration Cache
 - Java compilation errors at the end of the build output
 - Consolidated report for warnings and deprecations

For more details see https://docs.gradle.org/8.11.1/release-notes.html

Starting a Gradle Daemon (subsequent builds will be faster)

> Configure project :app
⚠️ Custom keystore not found or empty! creating debug keystore.
Checking the license for package NDK (Side by side) 29.0.13113456 in /usr/local/lib/android/sdk/licenses
License for package NDK (Side by side) 29.0.13113456 accepted.
Preparing "Install NDK (Side by side) 29.0.13113456 v.29.0.13113456 rc1".
"Install NDK (Side by side) 29.0.13113456 v.29.0.13113456 rc1" ready.
Installing NDK (Side by side) 29.0.13113456 in /usr/local/lib/android/sdk/ndk/29.0.13113456
"Install NDK (Side by side) 29.0.13113456 v.29.0.13113456 rc1" complete.
"Install NDK (Side by side) 29.0.13113456 v.29.0.13113456 rc1" finished.

> Task :app:preBuild UP-TO-DATE
> Task :app:preReleaseBuild UP-TO-DATE

> Task :app:configureCMakeRelWithDebInfo[arm64-v8a]
C/C++: CMake Deprecation Warning at /home/runner/work/rpcsx-ui-android/rpcsx-ui-android/app/.cxx/RelWithDebInfo/3q4p6b3h/arm64-v8a/_deps/zstd-src/build/cmake/CMakeLists.txt:10 (cmake_minimum_required):
C/C++:   Compatibility with CMake < 3.10 will be removed from a future version of
C/C++:   CMake.
C/C++:   Update the VERSION argument <min> value.  Or, use the <min>...<max> syntax
C/C++:   to tell CMake that the project requires at least <min> but has been updated
C/C++:   to work with policies introduced by <max> or earlier.

> Task :app:buildCMakeRelWithDebInfo[arm64-v8a]
C/C++: ninja: Entering directory `/home/runner/work/rpcsx-ui-android/rpcsx-ui-android/app/.cxx/RelWithDebInfo/3q4p6b3h/arm64-v8a'
C/C++: /home/runner/work/rpcsx-ui-android/rpcsx-ui-android/app/.cxx/RelWithDebInfo/3q4p6b3h/arm64-v8a/_deps/libadrenotools-src/lib/linkernsbypass/android_linker_ns.cpp:68:5: warning: missing field 'reserved_addr' initializer [-Wmissing-designated-field-initializers]
C/C++:    68 |     };
C/C++:       |     ^
C/C++: /home/runner/work/rpcsx-ui-android/rpcsx-ui-android/app/.cxx/RelWithDebInfo/3q4p6b3h/arm64-v8a/_deps/libadrenotools-src/lib/linkernsbypass/android_linker_ns.cpp:116:5: warning: missing field 'reserved_addr' initializer [-Wmissing-designated-field-initializers]
C/C++:   116 |     };
C/C++:       |     ^
C/C++: /home/runner/work/rpcsx-ui-android/rpcsx-ui-android/app/.cxx/RelWithDebInfo/3q4p6b3h/arm64-v8a/_deps/libadrenotools-src/lib/linkernsbypass/android_linker_ns.cpp:106:5: warning: 'snprintf' will always be truncated; specified size is 3, but format string expands to at least 4 [-Wformat-truncation]
C/C++:   106 |     snprintf(sonameOverwrite.data(), sonameOverwrite.size(), "%03u", TargetId++);
C/C++:       |     ^
C/C++: 3 warnings generated.
C/C++: /home/runner/work/rpcsx-ui-android/rpcsx-ui-android/app/.cxx/RelWithDebInfo/3q4p6b3h/arm64-v8a/_deps/libadrenotools-src/src/driver.cpp:109:5: warning: missing field 'id' initializer [-Wmissing-designated-field-initializers]
C/C++:   109 |     };
C/C++:       |     ^
C/C++: /home/runner/work/rpcsx-ui-android/rpcsx-ui-android/app/.cxx/RelWithDebInfo/3q4p6b3h/arm64-v8a/_deps/libadrenotools-src/src/driver.cpp:145:5: warning: missing field 'va_len' initializer [-Wmissing-designated-field-initializers]
C/C++:   145 |     };
C/C++:       |     ^
C/C++: 2 warnings generated.
C/C++: /home/runner/work/rpcsx-ui-android/rpcsx-ui-android/app/.cxx/RelWithDebInfo/3q4p6b3h/arm64-v8a/_deps/libadrenotools-src/src/hook/hook_impl.cpp:151:13: warning: missing field 'reserved_addr' initializer [-Wmissing-designated-field-initializers]
C/C++:   151 |             };
C/C++:       |             ^
C/C++: /home/runner/work/rpcsx-ui-android/rpcsx-ui-android/app/.cxx/RelWithDebInfo/3q4p6b3h/arm64-v8a/_deps/libadrenotools-src/src/hook/hook_impl.cpp:211:9: warning: missing field 'id' initializer [-Wmissing-designated-field-initializers]
C/C++:   211 |         };
C/C++:       |         ^
C/C++: /home/runner/work/rpcsx-ui-android/rpcsx-ui-android/app/.cxx/RelWithDebInfo/3q4p6b3h/arm64-v8a/_deps/libadrenotools-src/src/hook/hook_impl.cpp:220:9: warning: missing field 'flags' initializer [-Wmissing-designated-field-initializers]
C/C++:   220 |         };
C/C++:       |         ^
C/C++: 3 warnings generated.
C/C++: /home/runner/work/rpcsx-ui-android/rpcsx-ui-android/app/src/main/cpp/frostbite_hacks.cpp:170:53: warning: more '%' conversions than data arguments [-Wformat-insufficient-args]
C/C++:   170 |     LOGI("Shader complexity reduced - expect 20-30% FPS boost");
C/C++:       |                                                   ~~^
C/C++: /home/runner/work/rpcsx-ui-android/rpcsx-ui-android/app/src/main/cpp/frostbite_hacks.cpp:12:66: note: expanded from macro 'LOGI'
C/C++:    12 | #define LOGI(...) __android_log_print(ANDROID_LOG_INFO, LOG_TAG, __VA_ARGS__)
C/C++:       |                                                                  ^~~~~~~~~~~
C/C++: /home/runner/work/rpcsx-ui-android/rpcsx-ui-android/app/src/main/cpp/frostbite_hacks.cpp:242:36: warning: more '%' conversions than data arguments [-Wformat-insufficient-args]
C/C++:   242 |     LOGI("Culling optimized - ~15% fewer draw calls");
C/C++:       |                                  ~~^
C/C++: /home/runner/work/rpcsx-ui-android/rpcsx-ui-android/app/src/main/cpp/frostbite_hacks.cpp:12:66: note: expanded from macro 'LOGI'
C/C++:    12 | #define LOGI(...) __android_log_print(ANDROID_LOG_INFO, LOG_TAG, __VA_ARGS__)
C/C++:       |                                                                  ^~~~~~~~~~~
C/C++: 2 warnings generated.
C/C++: /home/runner/work/rpcsx-ui-android/rpcsx-ui-android/app/src/main/cpp/shader_cache_manager.cpp:375:69: warning: format specifies type 'unsigned long long' but the argument has type 'uint64_t' (aka 'unsigned long') [-Wformat]
C/C++:   375 |     LOGI("Shader cached to L3: hash=%016llx (%u bytes compressed)", hash, size);
C/C++:       |                                     ~~~~~~~                         ^~~~
C/C++:       |                                     %016lx
C/C++: /home/runner/work/rpcsx-ui-android/rpcsx-ui-android/app/src/main/cpp/shader_cache_manager.cpp:20:66: note: expanded from macro 'LOGI'
C/C++:    20 | #define LOGI(...) __android_log_print(ANDROID_LOG_INFO, LOG_TAG, __VA_ARGS__)
C/C++:       |                                                                  ^~~~~~~~~~~
C/C++: /home/runner/work/rpcsx-ui-android/rpcsx-ui-android/app/src/main/cpp/shader_cache_manager.cpp:411:36: warning: format specifies type 'unsigned long long' but the argument has type 'unsigned long' [-Wformat]
C/C++:   411 |     LOGI("L1 (Memory) hits: %llu", g_cache->l1_hits.load());
C/C++:       |                             ~~~~   ^~~~~~~~~~~~~~~~~~~~~~~
C/C++:       |                             %lu
C/C++: /home/runner/work/rpcsx-ui-android/rpcsx-ui-android/app/src/main/cpp/shader_cache_manager.cpp:20:66: note: expanded from macro 'LOGI'
C/C++:    20 | #define LOGI(...) __android_log_print(ANDROID_LOG_INFO, LOG_TAG, __VA_ARGS__)
C/C++:       |                                                                  ^~~~~~~~~~~
C/C++: /home/runner/work/rpcsx-ui-android/rpcsx-ui-android/app/src/main/cpp/shader_cache_manager.cpp:412:37: warning: format specifies type 'unsigned long long' but the argument has type 'unsigned long' [-Wformat]
C/C++:   412 |     LOGI("L2 (UFS 4.0) hits: %llu", g_cache->l2_hits.load());
C/C++:       |                              ~~~~   ^~~~~~~~~~~~~~~~~~~~~~~
C/C++:       |                              %lu
C/C++: /home/runner/work/rpcsx-ui-android/rpcsx-ui-android/app/src/main/cpp/shader_cache_manager.cpp:20:66: note: expanded from macro 'LOGI'
C/C++:    20 | #define LOGI(...) __android_log_print(ANDROID_LOG_INFO, LOG_TAG, __VA_ARGS__)
C/C++:       |                                                                  ^~~~~~~~~~~
C/C++: /home/runner/work/rpcsx-ui-android/rpcsx-ui-android/app/src/main/cpp/shader_cache_manager.cpp:413:40: warning: format specifies type 'unsigned long long' but the argument has type 'unsigned long' [-Wformat]
C/C++:   413 |     LOGI("L3 (Compressed) hits: %llu", g_cache->l3_hits.load());
C/C++:       |                                 ~~~~   ^~~~~~~~~~~~~~~~~~~~~~~
C/C++:       |                                 %lu
C/C++: /home/runner/work/rpcsx-ui-android/rpcsx-ui-android/app/src/main/cpp/shader_cache_manager.cpp:20:66: note: expanded from macro 'LOGI'
C/C++:    20 | #define LOGI(...) __android_log_print(ANDROID_LOG_INFO, LOG_TAG, __VA_ARGS__)
C/C++:       |                                                                  ^~~~~~~~~~~
C/C++: /home/runner/work/rpcsx-ui-android/rpcsx-ui-android/app/src/main/cpp/shader_cache_manager.cpp:414:32: warning: format specifies type 'unsigned long long' but the argument has type 'unsigned long' [-Wformat]
C/C++:   414 |     LOGI("Cache misses: %llu", g_cache->cache_misses.load());
C/C++:       |                         ~~~~   ^~~~~~~~~~~~~~~~~~~~~~~~~~~~
C/C++:       |                         %lu
C/C++: /home/runner/work/rpcsx-ui-android/rpcsx-ui-android/app/src/main/cpp/shader_cache_manager.cpp:20:66: note: expanded from macro 'LOGI'
C/C++:    20 | #define LOGI(...) __android_log_print(ANDROID_LOG_INFO, LOG_TAG, __VA_ARGS__)
C/C++:       |                                                                  ^~~~~~~~~~~
C/C++: 5 warnings generated.
C/C++: /home/runner/work/rpcsx-ui-android/rpcsx-ui-android/app/src/main/cpp/nce_v8/tiered_jit.cpp:164:13: warning: shift count >= width of type [-Wshift-count-overflow]
C/C++:   164 |         imm <<= 16;
C/C++:       |             ^   ~~
C/C++: 1 warning generated.
C/C++: /usr/local/lib/android/sdk/ndk/29.0.13113456/toolchains/llvm/prebuilt/linux-x86_64/bin/clang++ --target=aarch64-none-linux-android29 --sysroot=/usr/local/lib/android/sdk/ndk/29.0.13113456/toolchains/llvm/prebuilt/linux-x86_64/sysroot -Drpcsx_android_EXPORTS -I/home/runner/work/rpcsx-ui-android/rpcsx-ui-android/app/.cxx/RelWithDebInfo/3q4p6b3h/arm64-v8a/_deps/zstd-src/lib -I/home/runner/work/rpcsx-ui-android/rpcsx-ui-android/app/src/main/cpp -I/home/runner/work/rpcsx-ui-android/rpcsx-ui-android/app/.cxx/RelWithDebInfo/3q4p6b3h/arm64-v8a/_deps/libadrenotools-src/include -I/home/runner/work/rpcsx-ui-android/rpcsx-ui-android/app/.cxx/RelWithDebInfo/3q4p6b3h/arm64-v8a/_deps/libadrenotools-src/lib/linkernsbypass/. -g -DANDROID -fdata-sections -ffunction-sections -funwind-tables -fstack-protector-strong -no-canonical-prefixes -D_FORTIFY_SOURCE=2 -Wformat -Werror=format-security   -O2 -g -DNDEBUG -std=gnu++20 -fPIC -Ofast -O3 -ffast-math -ftree-vectorize -funroll-loops -finline-functions -fdata-sections -ffunction-sections -Wno-unused-command-line-argument -mcpu=cortex-x4 -march=armv9-a+sve2 -flto -MD -MT CMakeFiles/rpcsx-android.dir/nce_core/nce_native.cpp.o -MF CMakeFiles/rpcsx-android.dir/nce_core/nce_native.cpp.o.d -o CMakeFiles/rpcsx-android.dir/nce_core/nce_native.cpp.o -c /home/runner/work/rpcsx-ui-android/rpcsx-ui-android/app/src/main/cpp/nce_core/nce_native.cpp
C/C++: /home/runner/work/rpcsx-ui-android/rpcsx-ui-android/app/src/main/cpp/nce_core/nce_native.cpp:741:68: error: no member named 'GetMainMemory' in 'rpcsx::nce::ps3::PS3MemoryManager'
C/C++:   741 |     ppu_interpreter_->Initialize(ps3::PS3MemoryManager::Instance().GetMainMemory(),
C/C++:       |                                  ~~~~~~~~~~~~~~~~~~~~~~~~~~~~~~~~~ ^
C/C++: /home/runner/work/rpcsx-ui-android/rpcsx-ui-android/app/src/main/cpp/nce_core/nce_native.cpp:768:27: error: no member named 'Shutdown' in 'rpcsx::ppu::PPUInterpreter'
C/C++:   768 |         ppu_interpreter_->Shutdown();
C/C++:       |         ~~~~~~~~~~~~~~~~~~^
C/C++: /home/runner/work/rpcsx-ui-android/rpcsx-ui-android/app/src/main/cpp/nce_core/nce_native.cpp:904:43: error: no member named 'GetMainMemory' in 'rpcsx::nce::ps3::PS3MemoryManager'
C/C++:   904 |         ps3::PS3MemoryManager::Instance().GetMainMemory(),
C/C++:       |         ~~~~~~~~~~~~~~~~~~~~~~~~~~~~~~~~~ ^
C/C++: /home/runner/work/rpcsx-ui-android/rpcsx-ui-android/app/src/main/cpp/nce_core/nce_native.cpp:910:17: error: member access into incomplete type 'rpcsx::spu::SPUJITCompiler'
C/C++:   910 |         spu_jit_->Initialize(64 * 1024 * 1024);
C/C++:       |                 ^
C/C++: /home/runner/work/rpcsx-ui-android/rpcsx-ui-android/app/src/main/cpp/nce_core/nce_native.h:33:45: note: forward declaration of 'rpcsx::spu::SPUJITCompiler'
C/C++:    33 | namespace spu { class SPUThreadGroup; class SPUJITCompiler; }
C/C++:       |                                             ^
C/C++: In file included from /home/runner/work/rpcsx-ui-android/rpcsx-ui-android/app/src/main/cpp/nce_core/nce_native.cpp:3:
C/C++: In file included from /home/runner/work/rpcsx-ui-android/rpcsx-ui-android/app/src/main/cpp/nce_core/nce_native.h:19:
C/C++: In file included from /usr/local/lib/android/sdk/ndk/29.0.13113456/toolchains/llvm/prebuilt/linux-x86_64/sysroot/usr/include/c++/v1/memory:940:
C/C++: In file included from /usr/local/lib/android/sdk/ndk/29.0.13113456/toolchains/llvm/prebuilt/linux-x86_64/sysroot/usr/include/c++/v1/__memory/allocator.h:15:
C/C++: In file included from /usr/local/lib/android/sdk/ndk/29.0.13113456/toolchains/llvm/prebuilt/linux-x86_64/sysroot/usr/include/c++/v1/__memory/allocate_at_least.h:13:
C/C++: /usr/local/lib/android/sdk/ndk/29.0.13113456/toolchains/llvm/prebuilt/linux-x86_64/sysroot/usr/include/c++/v1/__memory/allocator_traits.h:328:5: error: no matching function for call to '__construct_at'
C/C++:   328 |     std::__construct_at(__p, std::forward<_Args>(__args)...);
C/C++:       |     ^~~~~~~~~~~~~~~~~~~
C/C++: /usr/local/lib/android/sdk/ndk/29.0.13113456/toolchains/llvm/prebuilt/linux-x86_64/sysroot/usr/include/c++/v1/vector:960:21: note: in instantiation of function template specialization 'std::allocator_traits<std::allocator<rpcsx::nce::SPUExecutionEngine::SPUThread>>::construct<rpcsx::nce::SPUExecutionEngine::SPUThread, rpcsx::nce::SPUExecutionEngine::SPUThread, void, 0>' requested here
C/C++:   960 |     __alloc_traits::construct(this->__alloc(), std::__to_address(__tx.__pos_), std::forward<_Args>(__args)...);
C/C++:       |                     ^
C/C++: /usr/local/lib/android/sdk/ndk/29.0.13113456/toolchains/llvm/prebuilt/linux-x86_64/sysroot/usr/include/c++/v1/vector:1522:5: note: in instantiation of function template specialization 'std::vector<rpcsx::nce::SPUExecutionEngine::SPUThread>::__construct_one_at_end<rpcsx::nce::SPUExecutionEngine::SPUThread>' requested here
C/C++:  1522 |     __construct_one_at_end(std::move(__x));
C/C++:       |     ^
C/C++: /home/runner/work/rpcsx-ui-android/rpcsx-ui-android/app/src/main/cpp/nce_core/nce_native.cpp:938:24: note: in instantiation of member function 'std::vector<rpcsx::nce::SPUExecutionEngine::SPUThread>::push_back' requested here
C/C++:   938 |         group->threads.push_back(std::move(spu));
C/C++:       |                        ^
C/C++: /usr/local/lib/android/sdk/ndk/29.0.13113456/toolchains/llvm/prebuilt/linux-x86_64/sysroot/usr/include/c++/v1/__memory/construct_at.h:47:58: note: candidate template ignored: substitution failure [with _Tp = rpcsx::nce::SPUExecutionEngine::SPUThread, _Args = <rpcsx::nce::SPUExecutionEngine::SPUThread>]: call to implicitly-deleted copy constructor of 'rpcsx::nce::SPUExecutionEngine::SPUThread'
C/C++:    46 | template <class _Tp, class... _Args, class = decltype(::new(std::declval<void*>()) _Tp(std::declval<_Args>()...))>
C/C++:       |                                                                                    ~~~
C/C++:    47 | _LIBCPP_HIDE_FROM_ABI _LIBCPP_CONSTEXPR_SINCE_CXX20 _Tp* __construct_at(_Tp* __location, _Args&&... __args) {
C/C++:       |                                                          ^
C/C++: In file included from /home/runner/work/rpcsx-ui-android/rpcsx-ui-android/app/src/main/cpp/nce_core/nce_native.cpp:3:
C/C++: In file included from /home/runner/work/rpcsx-ui-android/rpcsx-ui-android/app/src/main/cpp/nce_core/nce_native.h:19:
C/C++: In file included from /usr/local/lib/android/sdk/ndk/29.0.13113456/toolchains/llvm/prebuilt/linux-x86_64/sysroot/usr/include/c++/v1/memory:944:
C/C++: In file included from /usr/local/lib/android/sdk/ndk/29.0.13113456/toolchains/llvm/prebuilt/linux-x86_64/sysroot/usr/include/c++/v1/__memory/inout_ptr.h:16:
C/C++: In file included from /usr/local/lib/android/sdk/ndk/29.0.13113456/toolchains/llvm/prebuilt/linux-x86_64/sysroot/usr/include/c++/v1/__memory/shared_ptr.h:31:
C/C++: /usr/local/lib/android/sdk/ndk/29.0.13113456/toolchains/llvm/prebuilt/linux-x86_64/sysroot/usr/include/c++/v1/__memory/uninitialized_algorithms.h:620:17: error: static assertion failed due to requirement '__is_cpp17_move_insertable<std::allocator<rpcsx::nce::SPUExecutionEngine::SPUThread>, void>::value': The specified type does not meet the requirements of Cpp17MoveInsertable
C/C++:   620 |   static_assert(__is_cpp17_move_insertable<_Alloc>::value,
C/C++:       |                 ^~~~~~~~~~~~~~~~~~~~~~~~~~~~~~~~~~~~~~~~~
C/C++: /usr/local/lib/android/sdk/ndk/29.0.13113456/toolchains/llvm/prebuilt/linux-x86_64/sysroot/usr/include/c++/v1/vector:1051:8: note: in instantiation of function template specialization 'std::__uninitialized_allocator_relocate<std::allocator<rpcsx::nce::SPUExecutionEngine::SPUThread>, rpcsx::nce::SPUExecutionEngine::SPUThread>' requested here
C/C++:  1051 |   std::__uninitialized_allocator_relocate(
C/C++:       |        ^
C/C++: /usr/local/lib/android/sdk/ndk/29.0.13113456/toolchains/llvm/prebuilt/linux-x86_64/sysroot/usr/include/c++/v1/vector:1501:3: note: in instantiation of member function 'std::vector<rpcsx::nce::SPUExecutionEngine::SPUThread>::__swap_out_circular_buffer' requested here
C/C++:  1501 |   __swap_out_circular_buffer(__v);
C/C++:       |   ^
C/C++: /usr/local/lib/android/sdk/ndk/29.0.13113456/toolchains/llvm/prebuilt/linux-x86_64/sysroot/usr/include/c++/v1/vector:1525:13: note: in instantiation of function template specialization 'std::vector<rpcsx::nce::SPUExecutionEngine::SPUThread>::__push_back_slow_path<rpcsx::nce::SPUExecutionEngine::SPUThread>' requested here
C/C++:  1525 |     __end = __push_back_slow_path(std::move(__x));
C/C++:       |             ^
C/C++: /home/runner/work/rpcsx-ui-android/rpcsx-ui-android/app/src/main/cpp/nce_core/nce_native.cpp:938:24: note: in instantiation of member function 'std::vector<rpcsx::nce::SPUExecutionEngine::SPUThread>::push_back' requested here
C/C++:   938 |         group->threads.push_back(std::move(spu));
C/C++:       |                        ^
C/C++: In file included from /home/runner/work/rpcsx-ui-android/rpcsx-ui-android/app/src/main/cpp/nce_core/nce_native.cpp:3:
C/C++: In file included from /home/runner/work/rpcsx-ui-android/rpcsx-ui-android/app/src/main/cpp/nce_core/nce_native.h:19:
C/C++: In file included from /usr/local/lib/android/sdk/ndk/29.0.13113456/toolchains/llvm/prebuilt/linux-x86_64/sysroot/usr/include/c++/v1/memory:944:
C/C++: In file included from /usr/local/lib/android/sdk/ndk/29.0.13113456/toolchains/llvm/prebuilt/linux-x86_64/sysroot/usr/include/c++/v1/__memory/inout_ptr.h:16:
C/C++: In file included from /usr/local/lib/android/sdk/ndk/29.0.13113456/toolchains/llvm/prebuilt/linux-x86_64/sysroot/usr/include/c++/v1/__memory/shared_ptr.h:32:
C/C++: /usr/local/lib/android/sdk/ndk/29.0.13113456/toolchains/llvm/prebuilt/linux-x86_64/sysroot/usr/include/c++/v1/__memory/unique_ptr.h:66:19: error: invalid application of 'sizeof' to an incomplete type 'rpcsx::spu::SPUJITCompiler'
C/C++:    66 |     static_assert(sizeof(_Tp) >= 0, "cannot delete an incomplete type");
C/C++:       |                   ^~~~~~~~~~~
C/C++: /usr/local/lib/android/sdk/ndk/29.0.13113456/toolchains/llvm/prebuilt/linux-x86_64/sysroot/usr/include/c++/v1/__memory/unique_ptr.h:280:7: note: in instantiation of member function 'std::default_delete<rpcsx::spu::SPUJITCompiler>::operator()' requested here
C/C++:   280 |       __ptr_.second()(__tmp);
C/C++:       |       ^
C/C++: /usr/local/lib/android/sdk/ndk/29.0.13113456/toolchains/llvm/prebuilt/linux-x86_64/sysroot/usr/include/c++/v1/__memory/unique_ptr.h:249:71: note: in instantiation of member function 'std::unique_ptr<rpcsx::spu::SPUJITCompiler>::reset' requested here
C/C++:   249 |   _LIBCPP_HIDE_FROM_ABI _LIBCPP_CONSTEXPR_SINCE_CXX23 ~unique_ptr() { reset(); }
C/C++:       |                                                                       ^
C/C++: /home/runner/work/rpcsx-ui-android/rpcsx-ui-android/app/src/main/cpp/nce_core/nce_native.cpp:893:21: note: in instantiation of member function 'std::unique_ptr<rpcsx::spu::SPUJITCompiler>::~unique_ptr' requested here
C/C++:   893 | SPUExecutionEngine::SPUExecutionEngine() {
C/C++:       |                     ^
C/C++: /home/runner/work/rpcsx-ui-android/rpcsx-ui-android/app/src/main/cpp/nce_core/nce_native.h:33:45: note: forward declaration of 'rpcsx::spu::SPUJITCompiler'
C/C++:    33 | namespace spu { class SPUThreadGroup; class SPUJITCompiler; }
C/C++:       |                                             ^
C/C++: In file included from /home/runner/work/rpcsx-ui-android/rpcsx-ui-android/app/src/main/cpp/nce_core/nce_native.cpp:3:
C/C++: In file included from /home/runner/work/rpcsx-ui-android/rpcsx-ui-android/app/src/main/cpp/nce_core/nce_native.h:19:
C/C++: In file included from /usr/local/lib/android/sdk/ndk/29.0.13113456/toolchains/llvm/prebuilt/linux-x86_64/sysroot/usr/include/c++/v1/memory:944:
C/C++: In file included from /usr/local/lib/android/sdk/ndk/29.0.13113456/toolchains/llvm/prebuilt/linux-x86_64/sysroot/usr/include/c++/v1/__memory/inout_ptr.h:16:
C/C++: In file included from /usr/local/lib/android/sdk/ndk/29.0.13113456/toolchains/llvm/prebuilt/linux-x86_64/sysroot/usr/include/c++/v1/__memory/shared_ptr.h:32:
C/C++: /usr/local/lib/android/sdk/ndk/29.0.13113456/toolchains/llvm/prebuilt/linux-x86_64/sysroot/usr/include/c++/v1/__memory/unique_ptr.h:622:30: error: allocation of incomplete type 'rpcsx::spu::SPUJITCompiler'
C/C++:   622 |   return unique_ptr<_Tp>(new _Tp(std::forward<_Args>(__args)...));
C/C++:       |                              ^~~
C/C++: /home/runner/work/rpcsx-ui-android/rpcsx-ui-android/app/src/main/cpp/nce_core/nce_native.cpp:895:21: note: in instantiation of function template specialization 'std::make_unique<rpcsx::spu::SPUJITCompiler>' requested here
C/C++:   895 |     spu_jit_ = std::make_unique<spu::SPUJITCompiler>();
C/C++:       |                     ^
C/C++: /home/runner/work/rpcsx-ui-android/rpcsx-ui-android/app/src/main/cpp/nce_core/nce_native.h:33:45: note: forward declaration of 'rpcsx::spu::SPUJITCompiler'
C/C++:    33 | namespace spu { class SPUThreadGroup; class SPUJITCompiler; }
C/C++:       |                                             ^
C/C++: 8 errors generated.

> Task :app:buildCMakeRelWithDebInfo[arm64-v8a] FAILED

FAILURE: Build failed with an exception.

* What went wrong:
Execution failed for task ':app:buildCMakeRelWithDebInfo[arm64-v8a]'.
> com.android.ide.common.process.ProcessException: ninja: Entering directory `/home/runner/work/rpcsx-ui-android/rpcsx-ui-android/app/.cxx/RelWithDebInfo/3q4p6b3h/arm64-v8a'
  [1/98] Building C object _deps/zstd-build/lib/CMakeFiles/libzstd_static.dir/__/__/zstd-src/lib/common/debug.c.o
  [2/98] Building CXX object _deps/libadrenotools-build/lib/linkernsbypass/CMakeFiles/linkernsbypass.dir/elf_soname_patcher.cpp.o
  [3/98] Building C object _deps/zstd-build/lib/CMakeFiles/libzstd_static.dir/__/__/zstd-src/lib/common/threading.c.o
  [4/98] Building C object _deps/zstd-build/lib/CMakeFiles/libzstd_static.dir/__/__/zstd-src/lib/common/error_private.c.o
  [5/98] Building C object _deps/zstd-build/lib/CMakeFiles/libzstd_static.dir/__/__/zstd-src/lib/common/pool.c.o
  [6/98] Building C object _deps/zstd-build/lib/CMakeFiles/libzstd_static.dir/__/__/zstd-src/lib/common/xxhash.c.o
  [7/98] Building C object _deps/zstd-build/lib/CMakeFiles/libzstd_static.dir/__/__/zstd-src/lib/common/zstd_common.c.o
  [8/98] Building C object _deps/zstd-build/lib/CMakeFiles/libzstd_static.dir/__/__/zstd-src/lib/common/entropy_common.c.o
  [9/98] Building C object _deps/zstd-build/lib/CMakeFiles/libzstd_static.dir/__/__/zstd-src/lib/common/fse_decompress.c.o
  [10/98] Building C object _deps/zstd-build/lib/CMakeFiles/libzstd_static.dir/__/__/zstd-src/lib/compress/hist.c.o
  [11/98] Building C object _deps/zstd-build/lib/CMakeFiles/libzstd_static.dir/__/__/zstd-src/lib/compress/fse_compress.c.o
  [12/98] Building C object _deps/zstd-build/lib/CMakeFiles/libzstd_static.dir/__/__/zstd-src/lib/compress/zstd_compress_literals.c.o
  [13/98] Building C object _deps/zstd-build/lib/CMakeFiles/libzstd_static.dir/__/__/zstd-src/lib/compress/zstd_compress_sequences.c.o
  [14/98] Building CXX object _deps/libadrenotools-build/lib/linkernsbypass/CMakeFiles/linkernsbypass.dir/android_linker_ns.cpp.o
  /home/runner/work/rpcsx-ui-android/rpcsx-ui-android/app/.cxx/RelWithDebInfo/3q4p6b3h/arm64-v8a/_deps/libadrenotools-src/lib/linkernsbypass/android_linker_ns.cpp:68:5: warning: missing field 'reserved_addr' initializer [-Wmissing-designated-field-initializers]
     68 |     };
        |     ^
  /home/runner/work/rpcsx-ui-android/rpcsx-ui-android/app/.cxx/RelWithDebInfo/3q4p6b3h/arm64-v8a/_deps/libadrenotools-src/lib/linkernsbypass/android_linker_ns.cpp:116:5: warning: missing field 'reserved_addr' initializer [-Wmissing-designated-field-initializers]
    116 |     };
        |     ^
  /home/runner/work/rpcsx-ui-android/rpcsx-ui-android/app/.cxx/RelWithDebInfo/3q4p6b3h/arm64-v8a/_deps/libadrenotools-src/lib/linkernsbypass/android_linker_ns.cpp:106:5: warning: 'snprintf' will always be truncated; specified size is 3, but format string expands to at least 4 [-Wformat-truncation]
    106 |     snprintf(sonameOverwrite.data(), sonameOverwrite.size(), "%03u", TargetId++);
        |     ^
  3 warnings generated.
  [15/98] Building C object _deps/zstd-build/lib/CMakeFiles/libzstd_static.dir/__/__/zstd-src/lib/compress/huf_compress.c.o
  [16/98] Building C object _deps/zstd-build/lib/CMakeFiles/libzstd_static.dir/__/__/zstd-src/lib/compress/zstd_compress_superblock.c.o
  [17/98] Building C object _deps/zstd-build/lib/CMakeFiles/libzstd_static.dir/__/__/zstd-src/lib/compress/zstd_ldm.c.o
  [18/98] Building C object _deps/zstd-build/lib/CMakeFiles/libzstd_static.dir/__/__/zstd-src/lib/compress/zstdmt_compress.c.o
  [19/98] Building C object _deps/zstd-build/lib/CMakeFiles/libzstd_static.dir/__/__/zstd-src/lib/compress/zstd_compress.c.o
  [20/98] Building C object _deps/zstd-build/lib/CMakeFiles/libzstd_static.dir/__/__/zstd-src/lib/decompress/huf_decompress_amd64.S.o
  [21/98] Building C object _deps/zstd-build/lib/CMakeFiles/libzstd_static.dir/__/__/zstd-src/lib/compress/zstd_double_fast.c.o
  [22/98] Building C object _deps/zstd-build/lib/CMakeFiles/libzstd_static.dir/__/__/zstd-src/lib/compress/zstd_opt.c.o
  [23/98] Building C object _deps/zstd-build/lib/CMakeFiles/libzstd_static.dir/__/__/zstd-src/lib/compress/zstd_fast.c.o
  [24/98] Building C object _deps/zstd-build/lib/CMakeFiles/libzstd_static.dir/__/__/zstd-src/lib/decompress/zstd_ddict.c.o
  [25/98] Building C object _deps/zstd-build/lib/CMakeFiles/libzstd_static.dir/__/__/zstd-src/lib/decompress/zstd_decompress.c.o
  [26/98] Building C object _deps/zstd-build/lib/CMakeFiles/libzstd_static.dir/__/__/zstd-src/lib/dictBuilder/cover.c.o
  [27/98] Building C object _deps/zstd-build/lib/CMakeFiles/libzstd_static.dir/__/__/zstd-src/lib/decompress/huf_decompress.c.o
  [28/98] Building C object _deps/zstd-build/lib/CMakeFiles/libzstd_static.dir/__/__/zstd-src/lib/dictBuilder/fastcover.c.o
  [29/98] Building C object _deps/zstd-build/lib/CMakeFiles/libzstd_static.dir/__/__/zstd-src/lib/dictBuilder/divsufsort.c.o
  [30/98] Linking CXX static library _deps/libadrenotools-build/lib/linkernsbypass/liblinkernsbypass.a
  [31/98] Building C object _deps/zstd-build/lib/CMakeFiles/libzstd_static.dir/__/__/zstd-src/lib/decompress/zstd_decompress_block.c.o
  [32/98] Building C object _deps/zstd-build/lib/CMakeFiles/libzstd_static.dir/__/__/zstd-src/lib/dictBuilder/zdict.c.o
  [33/98] Building CXX object _deps/libadrenotools-build/CMakeFiles/adrenotools.dir/src/driver.cpp.o
  /home/runner/work/rpcsx-ui-android/rpcsx-ui-android/app/.cxx/RelWithDebInfo/3q4p6b3h/arm64-v8a/_deps/libadrenotools-src/src/driver.cpp:109:5: warning: missing field 'id' initializer [-Wmissing-designated-field-initializers]
    109 |     };
        |     ^
  /home/runner/work/rpcsx-ui-android/rpcsx-ui-android/app/.cxx/RelWithDebInfo/3q4p6b3h/arm64-v8a/_deps/libadrenotools-src/src/driver.cpp:145:5: warning: missing field 'va_len' initializer [-Wmissing-designated-field-initializers]
    145 |     };
        |     ^
  2 warnings generated.
  [34/98] Building CXX object CMakeFiles/rpcsx-android.dir/signal_handler.cpp.o
  [35/98] Building CXX object _deps/libadrenotools-build/src/hook/CMakeFiles/hook_impl.dir/hook_impl.cpp.o
  /home/runner/work/rpcsx-ui-android/rpcsx-ui-android/app/.cxx/RelWithDebInfo/3q4p6b3h/arm64-v8a/_deps/libadrenotools-src/src/hook/hook_impl.cpp:151:13: warning: missing field 'reserved_addr' initializer [-Wmissing-designated-field-initializers]
    151 |             };
        |             ^
  /home/runner/work/rpcsx-ui-android/rpcsx-ui-android/app/.cxx/RelWithDebInfo/3q4p6b3h/arm64-v8a/_deps/libadrenotools-src/src/hook/hook_impl.cpp:211:9: warning: missing field 'id' initializer [-Wmissing-designated-field-initializers]
    211 |         };
        |         ^
  /home/runner/work/rpcsx-ui-android/rpcsx-ui-android/app/.cxx/RelWithDebInfo/3q4p6b3h/arm64-v8a/_deps/libadrenotools-src/src/hook/hook_impl.cpp:220:9: warning: missing field 'flags' initializer [-Wmissing-designated-field-initializers]
    220 |         };
        |         ^
  3 warnings generated.
  [36/98] Building CXX object _deps/libadrenotools-build/CMakeFiles/adrenotools.dir/src/bcenabler.cpp.o
  [37/98] Building CXX object CMakeFiles/rpcsx-android.dir/fastmem_mapper.cpp.o
  [38/98] Building CXX object CMakeFiles/rpcsx-android.dir/native-lib.cpp.o
  [39/98] Building CXX object CMakeFiles/rpcsx-android.dir/thread_scheduler.cpp.o
  [40/98] Building C object _deps/zstd-build/lib/CMakeFiles/libzstd_static.dir/__/__/zstd-src/lib/compress/zstd_lazy.c.o
  [41/98] Building CXX object CMakeFiles/rpcsx-android.dir/frostbite_hacks.cpp.o
  /home/runner/work/rpcsx-ui-android/rpcsx-ui-android/app/src/main/cpp/frostbite_hacks.cpp:170:53: warning: more '%' conversions than data arguments [-Wformat-insufficient-args]
    170 |     LOGI("Shader complexity reduced - expect 20-30% FPS boost");
        |                                                   ~~^
  /home/runner/work/rpcsx-ui-android/rpcsx-ui-android/app/src/main/cpp/frostbite_hacks.cpp:12:66: note: expanded from macro 'LOGI'
     12 | #define LOGI(...) __android_log_print(ANDROID_LOG_INFO, LOG_TAG, __VA_ARGS__)
        |                                                                  ^~~~~~~~~~~
  /home/runner/work/rpcsx-ui-android/rpcsx-ui-android/app/src/main/cpp/frostbite_hacks.cpp:242:36: warning: more '%' conversions than data arguments [-Wformat-insufficient-args]
    242 |     LOGI("Culling optimized - ~15% fewer draw calls");
        |                                  ~~^
  /home/runner/work/rpcsx-ui-android/rpcsx-ui-android/app/src/main/cpp/frostbite_hacks.cpp:12:66: note: expanded from macro 'LOGI'
     12 | #define LOGI(...) __android_log_print(ANDROID_LOG_INFO, LOG_TAG, __VA_ARGS__)
        |                                                                  ^~~~~~~~~~~
  2 warnings generated.
  [42/98] Building CXX object CMakeFiles/rpcsx-android.dir/shader_cache_manager.cpp.o
  /home/runner/work/rpcsx-ui-android/rpcsx-ui-android/app/src/main/cpp/shader_cache_manager.cpp:375:69: warning: format specifies type 'unsigned long long' but the argument has type 'uint64_t' (aka 'unsigned long') [-Wformat]
    375 |     LOGI("Shader cached to L3: hash=%016llx (%u bytes compressed)", hash, size);
        |                                     ~~~~~~~                         ^~~~
        |                                     %016lx
  /home/runner/work/rpcsx-ui-android/rpcsx-ui-android/app/src/main/cpp/shader_cache_manager.cpp:20:66: note: expanded from macro 'LOGI'
     20 | #define LOGI(...) __android_log_print(ANDROID_LOG_INFO, LOG_TAG, __VA_ARGS__)
        |                                                                  ^~~~~~~~~~~
  /home/runner/work/rpcsx-ui-android/rpcsx-ui-android/app/src/main/cpp/shader_cache_manager.cpp:411:36: warning: format specifies type 'unsigned long long' but the argument has type 'unsigned long' [-Wformat]
    411 |     LOGI("L1 (Memory) hits: %llu", g_cache->l1_hits.load());
        |                             ~~~~   ^~~~~~~~~~~~~~~~~~~~~~~
        |                             %lu
  /home/runner/work/rpcsx-ui-android/rpcsx-ui-android/app/src/main/cpp/shader_cache_manager.cpp:20:66: note: expanded from macro 'LOGI'
     20 | #define LOGI(...) __android_log_print(ANDROID_LOG_INFO, LOG_TAG, __VA_ARGS__)
        |                                                                  ^~~~~~~~~~~
  /home/runner/work/rpcsx-ui-android/rpcsx-ui-android/app/src/main/cpp/shader_cache_manager.cpp:412:37: warning: format specifies type 'unsigned long long' but the argument has type 'unsigned long' [-Wformat]
    412 |     LOGI("L2 (UFS 4.0) hits: %llu", g_cache->l2_hits.load());
        |                              ~~~~   ^~~~~~~~~~~~~~~~~~~~~~~
        |                              %lu
  /home/runner/work/rpcsx-ui-android/rpcsx-ui-android/app/src/main/cpp/shader_cache_manager.cpp:20:66: note: expanded from macro 'LOGI'
     20 | #define LOGI(...) __android_log_print(ANDROID_LOG_INFO, LOG_TAG, __VA_ARGS__)
        |                                                                  ^~~~~~~~~~~
  /home/runner/work/rpcsx-ui-android/rpcsx-ui-android/app/src/main/cpp/shader_cache_manager.cpp:413:40: warning: format specifies type 'unsigned long long' but the argument has type 'unsigned long' [-Wformat]
    413 |     LOGI("L3 (Compressed) hits: %llu", g_cache->l3_hits.load());
        |                                 ~~~~   ^~~~~~~~~~~~~~~~~~~~~~~
        |                                 %lu
  /home/runner/work/rpcsx-ui-android/rpcsx-ui-android/app/src/main/cpp/shader_cache_manager.cpp:20:66: note: expanded from macro 'LOGI'
     20 | #define LOGI(...) __android_log_print(ANDROID_LOG_INFO, LOG_TAG, __VA_ARGS__)
        |                                                                  ^~~~~~~~~~~
  /home/runner/work/rpcsx-ui-android/rpcsx-ui-android/app/src/main/cpp/shader_cache_manager.cpp:414:32: warning: format specifies type 'unsigned long long' but the argument has type 'unsigned long' [-Wformat]
    414 |     LOGI("Cache misses: %llu", g_cache->cache_misses.load());
        |                         ~~~~   ^~~~~~~~~~~~~~~~~~~~~~~~~~~~
        |                         %lu
  /home/runner/work/rpcsx-ui-android/rpcsx-ui-android/app/src/main/cpp/shader_cache_manager.cpp:20:66: note: expanded from macro 'LOGI'
     20 | #define LOGI(...) __android_log_print(ANDROID_LOG_INFO, LOG_TAG, __VA_ARGS__)
        |                                                                  ^~~~~~~~~~~
  5 warnings generated.
  [43/98] Building CXX object CMakeFiles/rpcsx-android.dir/nce_engine.cpp.o
  [44/98] Building CXX object CMakeFiles/rpcsx-android.dir/fsr31/fsr31.cpp.o
  [45/98] Building CXX object CMakeFiles/rpcsx-android.dir/nce_jit/ppc_decoder.cpp.o
  [46/98] Building CXX object CMakeFiles/rpcsx-android.dir/nce_jit/arm64_emitter.cpp.o
  [47/98] Building CXX object CMakeFiles/rpcsx-android.dir/realsteel_hacks.cpp.o
  [48/98] Building CXX object CMakeFiles/rpcsx-android.dir/nce_core/nce_standalone.cpp.o
  [49/98] Building CXX object CMakeFiles/rpcsx-android.dir/game_patches.cpp.o
  [50/98] Building CXX object CMakeFiles/rpcsx-android.dir/vulkan_renderer.cpp.o
  [51/98] Building CXX object CMakeFiles/rpcsx-android.dir/nce_v8/nce_v8.cpp.o
  [52/98] Building CXX object CMakeFiles/rpcsx-android.dir/nce_v8/tiered_jit.cpp.o
  /home/runner/work/rpcsx-ui-android/rpcsx-ui-android/app/src/main/cpp/nce_v8/tiered_jit.cpp:164:13: warning: shift count >= width of type [-Wshift-count-overflow]
    164 |         imm <<= 16;
        |             ^   ~~
  1 warning generated.
  [53/98] Building C object _deps/zstd-build/lib/CMakeFiles/libzstd_shared.dir/__/__/zstd-src/lib/common/debug.c.o
  [54/98] Building CXX object CMakeFiles/rpcsx-android.dir/plt_hook.cpp.o
  [55/98] Building CXX object CMakeFiles/rpcsx-android.dir/nce_core/nce_native.cpp.o
  FAILED: CMakeFiles/rpcsx-android.dir/nce_core/nce_native.cpp.o 
  /usr/local/lib/android/sdk/ndk/29.0.13113456/toolchains/llvm/prebuilt/linux-x86_64/bin/clang++ --target=aarch64-none-linux-android29 --sysroot=/usr/local/lib/android/sdk/ndk/29.0.13113456/toolchains/llvm/prebuilt/linux-x86_64/sysroot -Drpcsx_android_EXPORTS -I/home/runner/work/rpcsx-ui-android/rpcsx-ui-android/app/.cxx/RelWithDebInfo/3q4p6b3h/arm64-v8a/_deps/zstd-src/lib -I/home/runner/work/rpcsx-ui-android/rpcsx-ui-android/app/src/main/cpp -I/home/runner/work/rpcsx-ui-android/rpcsx-ui-android/app/.cxx/RelWithDebInfo/3q4p6b3h/arm64-v8a/_deps/libadrenotools-src/include -I/home/runner/work/rpcsx-ui-android/rpcsx-ui-android/app/.cxx/RelWithDebInfo/3q4p6b3h/arm64-v8a/_deps/libadrenotools-src/lib/linkernsbypass/. -g -DANDROID -fdata-sections -ffunction-sections -funwind-tables -fstack-protector-strong -no-canonical-prefixes -D_FORTIFY_SOURCE=2 -Wformat -Werror=format-security   -O2 -g -DNDEBUG -std=gnu++20 -fPIC -Ofast -O3 -ffast-math -ftree-vectorize -funroll-loops -finline-functions -fdata-sections -ffunction-sections -Wno-unused-command-line-argument -mcpu=cortex-x4 -march=armv9-a+sve2 -flto -MD -MT CMakeFiles/rpcsx-android.dir/nce_core/nce_native.cpp.o -MF CMakeFiles/rpcsx-android.dir/nce_core/nce_native.cpp.o.d -o CMakeFiles/rpcsx-android.dir/nce_core/nce_native.cpp.o -c /home/runner/work/rpcsx-ui-android/rpcsx-ui-android/app/src/main/cpp/nce_core/nce_native.cpp
  /home/runner/work/rpcsx-ui-android/rpcsx-ui-android/app/src/main/cpp/nce_core/nce_native.cpp:741:68: error: no member named 'GetMainMemory' in 'rpcsx::nce::ps3::PS3MemoryManager'
    741 |     ppu_interpreter_->Initialize(ps3::PS3MemoryManager::Instance().GetMainMemory(),
        |                                  ~~~~~~~~~~~~~~~~~~~~~~~~~~~~~~~~~ ^
  /home/runner/work/rpcsx-ui-android/rpcsx-ui-android/app/src/main/cpp/nce_core/nce_native.cpp:768:27: error: no member named 'Shutdown' in 'rpcsx::ppu::PPUInterpreter'
    768 |         ppu_interpreter_->Shutdown();
        |         ~~~~~~~~~~~~~~~~~~^
  /home/runner/work/rpcsx-ui-android/rpcsx-ui-android/app/src/main/cpp/nce_core/nce_native.cpp:904:43: error: no member named 'GetMainMemory' in 'rpcsx::nce::ps3::PS3MemoryManager'
    904 |         ps3::PS3MemoryManager::Instance().GetMainMemory(),
        |         ~~~~~~~~~~~~~~~~~~~~~~~~~~~~~~~~~ ^
  /home/runner/work/rpcsx-ui-android/rpcsx-ui-android/app/src/main/cpp/nce_core/nce_native.cpp:910:17: error: member access into incomplete type 'rpcsx::spu::SPUJITCompiler'
    910 |         spu_jit_->Initialize(64 * 1024 * 1024);
        |                 ^
  /home/runner/work/rpcsx-ui-android/rpcsx-ui-android/app/src/main/cpp/nce_core/nce_native.h:33:45: note: forward declaration of 'rpcsx::spu::SPUJITCompiler'
     33 | namespace spu { class SPUThreadGroup; class SPUJITCompiler; }
        |                                             ^
  In file included from /home/runner/work/rpcsx-ui-android/rpcsx-ui-android/app/src/main/cpp/nce_core/nce_native.cpp:3:
  In file included from /home/runner/work/rpcsx-ui-android/rpcsx-ui-android/app/src/main/cpp/nce_core/nce_native.h:19:
  In file included from /usr/local/lib/android/sdk/ndk/29.0.13113456/toolchains/llvm/prebuilt/linux-x86_64/sysroot/usr/include/c++/v1/memory:940:
  In file included from /usr/local/lib/android/sdk/ndk/29.0.13113456/toolchains/llvm/prebuilt/linux-x86_64/sysroot/usr/include/c++/v1/__memory/allocator.h:15:
  In file included from /usr/local/lib/android/sdk/ndk/29.0.13113456/toolchains/llvm/prebuilt/linux-x86_64/sysroot/usr/include/c++/v1/__memory/allocate_at_least.h:13:
  /usr/local/lib/android/sdk/ndk/29.0.13113456/toolchains/llvm/prebuilt/linux-x86_64/sysroot/usr/include/c++/v1/__memory/allocator_traits.h:328:5: error: no matching function for call to '__construct_at'
    328 |     std::__construct_at(__p, std::forward<_Args>(__args)...);
        |     ^~~~~~~~~~~~~~~~~~~
  /usr/local/lib/android/sdk/ndk/29.0.13113456/toolchains/llvm/prebuilt/linux-x86_64/sysroot/usr/include/c++/v1/vector:960:21: note: in instantiation of function template specialization 'std::allocator_traits<std::allocator<rpcsx::nce::SPUExecutionEngine::SPUThread>>::construct<rpcsx::nce::SPUExecutionEngine::SPUThread, rpcsx::nce::SPUExecutionEngine::SPUThread, void, 0>' requested here
    960 |     __alloc_traits::construct(this->__alloc(), std::__to_address(__tx.__pos_), std::forward<_Args>(__args)...);
        |                     ^
  /usr/local/lib/android/sdk/ndk/29.0.13113456/toolchains/llvm/prebuilt/linux-x86_64/sysroot/usr/include/c++/v1/vector:1522:5: note: in instantiation of function template specialization 'std::vector<rpcsx::nce::SPUExecutionEngine::SPUThread>::__construct_one_at_end<rpcsx::nce::SPUExecutionEngine::SPUThread>' requested here
   1522 |     __construct_one_at_end(std::move(__x));
        |     ^
  /home/runner/work/rpcsx-ui-android/rpcsx-ui-android/app/src/main/cpp/nce_core/nce_native.cpp:938:24: note: in instantiation of member function 'std::vector<rpcsx::nce::SPUExecutionEngine::SPUThread>::push_back' requested here
    938 |         group->threads.push_back(std::move(spu));
        |                        ^
  /usr/local/lib/android/sdk/ndk/29.0.13113456/toolchains/llvm/prebuilt/linux-x86_64/sysroot/usr/include/c++/v1/__memory/construct_at.h:47:58: note: candidate template ignored: substitution failure [with _Tp = rpcsx::nce::SPUExecutionEngine::SPUThread, _Args = <rpcsx::nce::SPUExecutionEngine::SPUThread>]: call to implicitly-deleted copy constructor of 'rpcsx::nce::SPUExecutionEngine::SPUThread'
     46 | template <class _Tp, class... _Args, class = decltype(::new(std::declval<void*>()) _Tp(std::declval<_Args>()...))>
        |                                                                                    ~~~
     47 | _LIBCPP_HIDE_FROM_ABI _LIBCPP_CONSTEXPR_SINCE_CXX20 _Tp* __construct_at(_Tp* __location, _Args&&... __args) {
        |                                                          ^
  In file included from /home/runner/work/rpcsx-ui-android/rpcsx-ui-android/app/src/main/cpp/nce_core/nce_native.cpp:3:
  In file included from /home/runner/work/rpcsx-ui-android/rpcsx-ui-android/app/src/main/cpp/nce_core/nce_native.h:19:
  In file included from /usr/local/lib/android/sdk/ndk/29.0.13113456/toolchains/llvm/prebuilt/linux-x86_64/sysroot/usr/include/c++/v1/memory:944:
  In file included from /usr/local/lib/android/sdk/ndk/29.0.13113456/toolchains/llvm/prebuilt/linux-x86_64/sysroot/usr/include/c++/v1/__memory/inout_ptr.h:16:
  In file included from /usr/local/lib/android/sdk/ndk/29.0.13113456/toolchains/llvm/prebuilt/linux-x86_64/sysroot/usr/include/c++/v1/__memory/shared_ptr.h:31:
  /usr/local/lib/android/sdk/ndk/29.0.13113456/toolchains/llvm/prebuilt/linux-x86_64/sysroot/usr/include/c++/v1/__memory/uninitialized_algorithms.h:620:17: error: static assertion failed due to requirement '__is_cpp17_move_insertable<std::allocator<rpcsx::nce::SPUExecutionEngine::SPUThread>, void>::value': The specified type does not meet the requirements of Cpp17MoveInsertable
    620 |   static_assert(__is_cpp17_move_insertable<_Alloc>::value,
        |                 ^~~~~~~~~~~~~~~~~~~~~~~~~~~~~~~~~~~~~~~~~
  /usr/local/lib/android/sdk/ndk/29.0.13113456/toolchains/llvm/prebuilt/linux-x86_64/sysroot/usr/include/c++/v1/vector:1051:8: note: in instantiation of function template specialization 'std::__uninitialized_allocator_relocate<std::allocator<rpcsx::nce::SPUExecutionEngine::SPUThread>, rpcsx::nce::SPUExecutionEngine::SPUThread>' requested here
   1051 |   std::__uninitialized_allocator_relocate(
        |        ^
  /usr/local/lib/android/sdk/ndk/29.0.13113456/toolchains/llvm/prebuilt/linux-x86_64/sysroot/usr/include/c++/v1/vector:1501:3: note: in instantiation of member function 'std::vector<rpcsx::nce::SPUExecutionEngine::SPUThread>::__swap_out_circular_buffer' requested here
   1501 |   __swap_out_circular_buffer(__v);
        |   ^
  /usr/local/lib/android/sdk/ndk/29.0.13113456/toolchains/llvm/prebuilt/linux-x86_64/sysroot/usr/include/c++/v1/vector:1525:13: note: in instantiation of function template specialization 'std::vector<rpcsx::nce::SPUExecutionEngine::SPUThread>::__push_back_slow_path<rpcsx::nce::SPUExecutionEngine::SPUThread>' requested here
   1525 |     __end = __push_back_slow_path(std::move(__x));
        |             ^
  /home/runner/work/rpcsx-ui-android/rpcsx-ui-android/app/src/main/cpp/nce_core/nce_native.cpp:938:24: note: in instantiation of member function 'std::vector<rpcsx::nce::SPUExecutionEngine::SPUThread>::push_back' requested here
    938 |         group->threads.push_back(std::move(spu));
        |                        ^
  In file included from /home/runner/work/rpcsx-ui-android/rpcsx-ui-android/app/src/main/cpp/nce_core/nce_native.cpp:3:
  In file included from /home/runner/work/rpcsx-ui-android/rpcsx-ui-android/app/src/main/cpp/nce_core/nce_native.h:19:
  In file included from /usr/local/lib/android/sdk/ndk/29.0.13113456/toolchains/llvm/prebuilt/linux-x86_64/sysroot/usr/include/c++/v1/memory:944:
  In file included from /usr/local/lib/android/sdk/ndk/29.0.13113456/toolchains/llvm/prebuilt/linux-x86_64/sysroot/usr/include/c++/v1/__memory/inout_ptr.h:16:
  In file included from /usr/local/lib/android/sdk/ndk/29.0.13113456/toolchains/llvm/prebuilt/linux-x86_64/sysroot/usr/include/c++/v1/__memory/shared_ptr.h:32:
  /usr/local/lib/android/sdk/ndk/29.0.13113456/toolchains/llvm/prebuilt/linux-x86_64/sysroot/usr/include/c++/v1/__memory/unique_ptr.h:66:19: error: invalid application of 'sizeof' to an incomplete type 'rpcsx::spu::SPUJITCompiler'
     66 |     static_assert(sizeof(_Tp) >= 0, "cannot delete an incomplete type");
        |                   ^~~~~~~~~~~
  /usr/local/lib/android/sdk/ndk/29.0.13113456/toolchains/llvm/prebuilt/linux-x86_64/sysroot/usr/include/c++/v1/__memory/unique_ptr.h:280:7: note: in instantiation of member function 'std::default_delete<rpcsx::spu::SPUJITCompiler>::operator()' requested here
    280 |       __ptr_.second()(__tmp);
        |       ^
  /usr/local/lib/android/sdk/ndk/29.0.13113456/toolchains/llvm/prebuilt/linux-x86_64/sysroot/usr/include/c++/v1/__memory/unique_ptr.h:249:71: note: in instantiation of member function 'std::unique_ptr<rpcsx::spu::SPUJITCompiler>::reset' requested here
    249 |   _LIBCPP_HIDE_FROM_ABI _LIBCPP_CONSTEXPR_SINCE_CXX23 ~unique_ptr() { reset(); }
        |                                                                       ^
  /home/runner/work/rpcsx-ui-android/rpcsx-ui-android/app/src/main/cpp/nce_core/nce_native.cpp:893:21: note: in instantiation of member function 'std::unique_ptr<rpcsx::spu::SPUJITCompiler>::~unique_ptr' requested here
    893 | SPUExecutionEngine::SPUExecutionEngine() {
        |                     ^
  /home/runner/work/rpcsx-ui-android/rpcsx-ui-android/app/src/main/cpp/nce_core/nce_native.h:33:45: note: forward declaration of 'rpcsx::spu::SPUJITCompiler'
     33 | namespace spu { class SPUThreadGroup; class SPUJITCompiler; }
        |                                             ^
  In file included from /home/runner/work/rpcsx-ui-android/rpcsx-ui-android/app/src/main/cpp/nce_core/nce_native.cpp:3:
  In file included from /home/runner/work/rpcsx-ui-android/rpcsx-ui-android/app/src/main/cpp/nce_core/nce_native.h:19:
  In file included from /usr/local/lib/android/sdk/ndk/29.0.13113456/toolchains/llvm/prebuilt/linux-x86_64/sysroot/usr/include/c++/v1/memory:944:
  In file included from /usr/local/lib/android/sdk/ndk/29.0.13113456/toolchains/llvm/prebuilt/linux-x86_64/sysroot/usr/include/c++/v1/__memory/inout_ptr.h:16:
  In file included from /usr/local/lib/android/sdk/ndk/29.0.13113456/toolchains/llvm/prebuilt/linux-x86_64/sysroot/usr/include/c++/v1/__memory/shared_ptr.h:32:
  /usr/local/lib/android/sdk/ndk/29.0.13113456/toolchains/llvm/prebuilt/linux-x86_64/sysroot/usr/include/c++/v1/__memory/unique_ptr.h:622:30: error: allocation of incomplete type 'rpcsx::spu::SPUJITCompiler'
    622 |   return unique_ptr<_Tp>(new _Tp(std::forward<_Args>(__args)...));
        |                              ^~~
  /home/runner/work/rpcsx-ui-android/rpcsx-ui-android/app/src/main/cpp/nce_core/nce_native.cpp:895:21: note: in instantiation of function template specialization 'std::make_unique<rpcsx::spu::SPUJITCompiler>' requested here
    895 |     spu_jit_ = std::make_unique<spu::SPUJITCompiler>();
        |                     ^
  /home/runner/work/rpcsx-ui-android/rpcsx-ui-android/app/src/main/cpp/nce_core/nce_native.h:33:45: note: forward declaration of 'rpcsx::spu::SPUJITCompiler'
     33 | namespace spu { class SPUThreadGroup; class SPUJITCompiler; }
        |                                             ^
  8 errors generated.
  [56/98] Building CXX object CMakeFiles/rpcsx-android.dir/nce_v8/llvm_backend.cpp.o
  [57/98] Building C object _deps/zstd-build/lib/CMakeFiles/libzstd_shared.dir/__/__/zstd-src/lib/common/error_private.c.o
  [58/98] Building C object _deps/zstd-build/lib/CMakeFiles/libzstd_shared.dir/__/__/zstd-src/lib/common/entropy_common.c.o
  [59/98] Building CXX object CMakeFiles/rpcsx-android.dir/ppu_interceptor.cpp.o
  [60/98] Building CXX object CMakeFiles/rpcsx-android.dir/nce_hook.cpp.o
  ninja: build stopped: subcommand failed.
  
  C++ build system [build] failed while executing:
      /usr/local/lib/android/sdk/cmake/3.31.6/bin/ninja \
        -C \
        /home/runner/work/rpcsx-ui-android/rpcsx-ui-android/app/.cxx/RelWithDebInfo/3q4p6b3h/arm64-v8a \
        file_redirect_hook \
        gsl_alloc_hook \
        hook_impl \
        libzstd_shared \
        main_hook \
        rpcsx-android
    from /home/runner/work/rpcsx-ui-android/rpcsx-ui-android/app

* Try:
> Run with --info or --debug option to get more log output.
> Run with --scan to get full insights.
> Get more help at https://help.gradle.org.

* Exception is:
org.gradle.api.tasks.TaskExecutionException: Execution failed for task ':app:buildCMakeRelWithDebInfo[arm64-v8a]'.
	at org.gradle.api.internal.tasks.execution.ExecuteActionsTaskExecuter.lambda$executeIfValid$1(ExecuteActionsTaskExecuter.java:130)
	at org.gradle.internal.Try$Failure.ifSuccessfulOrElse(Try.java:293)
	at org.gradle.api.internal.tasks.execution.ExecuteActionsTaskExecuter.executeIfValid(ExecuteActionsTaskExecuter.java:128)
	at org.gradle.api.internal.tasks.execution.ExecuteActionsTaskExecuter.execute(ExecuteActionsTaskExecuter.java:116)
	at org.gradle.api.internal.tasks.execution.FinalizePropertiesTaskExecuter.execute(FinalizePropertiesTaskExecuter.java:46)
	at org.gradle.api.internal.tasks.execution.ResolveTaskExecutionModeExecuter.execute(ResolveTaskExecutionModeExecuter.java:51)
	at org.gradle.api.internal.tasks.execution.SkipTaskWithNoActionsExecuter.execute(SkipTaskWithNoActionsExecuter.java:57)
	at org.gradle.api.internal.tasks.execution.SkipOnlyIfTaskExecuter.execute(SkipOnlyIfTaskExecuter.java:74)
	at org.gradle.api.internal.tasks.execution.CatchExceptionTaskExecuter.execute(CatchExceptionTaskExecuter.java:36)
	at org.gradle.api.internal.tasks.execution.EventFiringTaskExecuter$1.executeTask(EventFiringTaskExecuter.java:77)
	at org.gradle.api.internal.tasks.execution.EventFiringTaskExecuter$1.call(EventFiringTaskExecuter.java:55)
	at org.gradle.api.internal.tasks.execution.EventFiringTaskExecuter$1.call(EventFiringTaskExecuter.java:52)
	at org.gradle.internal.operations.DefaultBuildOperationRunner$CallableBuildOperationWorker.execute(DefaultBuildOperationRunner.java:209)
	at org.gradle.internal.operations.DefaultBuildOperationRunner$CallableBuildOperationWorker.execute(DefaultBuildOperationRunner.java:204)
	at org.gradle.internal.operations.DefaultBuildOperationRunner$2.execute(DefaultBuildOperationRunner.java:66)
	at org.gradle.internal.operations.DefaultBuildOperationRunner$2.execute(DefaultBuildOperationRunner.java:59)
	at org.gradle.internal.operations.DefaultBuildOperationRunner.execute(DefaultBuildOperationRunner.java:166)
	at org.gradle.internal.operations.DefaultBuildOperationRunner.execute(DefaultBuildOperationRunner.java:59)
	at org.gradle.internal.operations.DefaultBuildOperationRunner.call(DefaultBuildOperationRunner.java:53)
	at org.gradle.api.internal.tasks.execution.EventFiringTaskExecuter.execute(EventFiringTaskExecuter.java:52)
	at org.gradle.execution.plan.LocalTaskNodeExecutor.execute(LocalTaskNodeExecutor.java:42)
	at org.gradle.execution.taskgraph.DefaultTaskExecutionGraph$InvokeNodeExecutorsAction.execute(DefaultTaskExecutionGraph.java:331)
	at org.gradle.execution.taskgraph.DefaultTaskExecutionGraph$InvokeNodeExecutorsAction.execute(DefaultTaskExecutionGraph.java:318)
	at org.gradle.execution.taskgraph.DefaultTaskExecutionGraph$BuildOperationAwareExecutionAction.lambda$execute$0(DefaultTaskExecutionGraph.java:314)
	at org.gradle.internal.operations.CurrentBuildOperationRef.with(CurrentBuildOperationRef.java:85)
	at org.gradle.execution.taskgraph.DefaultTaskExecutionGraph$BuildOperationAwareExecutionAction.execute(DefaultTaskExecutionGraph.java:314)
	at org.gradle.execution.taskgraph.DefaultTaskExecutionGraph$BuildOperationAwareExecutionAction.execute(DefaultTaskExecutionGraph.java:303)
	at org.gradle.execution.plan.DefaultPlanExecutor$ExecutorWorker.execute(DefaultPlanExecutor.java:459)
	at org.gradle.execution.plan.DefaultPlanExecutor$ExecutorWorker.run(DefaultPlanExecutor.java:376)
	at org.gradle.internal.concurrent.ExecutorPolicy$CatchAndRecordFailures.onExecute(ExecutorPolicy.java:64)
	at org.gradle.internal.concurrent.AbstractManagedExecutor$1.run(AbstractManagedExecutor.java:48)
Caused by: org.gradle.internal.UncheckedException: com.android.ide.common.process.ProcessException: ninja: Entering directory `/home/runner/work/rpcsx-ui-android/rpcsx-ui-android/app/.cxx/RelWithDebInfo/3q4p6b3h/arm64-v8a'
[1/98] Building C object _deps/zstd-build/lib/CMakeFiles/libzstd_static.dir/__/__/zstd-src/lib/common/debug.c.o
[2/98] Building CXX object _deps/libadrenotools-build/lib/linkernsbypass/CMakeFiles/linkernsbypass.dir/elf_soname_patcher.cpp.o
[3/98] Building C object _deps/zstd-build/lib/CMakeFiles/libzstd_static.dir/__/__/zstd-src/lib/common/threading.c.o
[4/98] Building C object _deps/zstd-build/lib/CMakeFiles/libzstd_static.dir/__/__/zstd-src/lib/common/error_private.c.o
[5/98] Building C object _deps/zstd-build/lib/CMakeFiles/libzstd_static.dir/__/__/zstd-src/lib/common/pool.c.o
[6/98] Building C object _deps/zstd-build/lib/CMakeFiles/libzstd_static.dir/__/__/zstd-src/lib/common/xxhash.c.o
[7/98] Building C object _deps/zstd-build/lib/CMakeFiles/libzstd_static.dir/__/__/zstd-src/lib/common/zstd_common.c.o
[8/98] Building C object _deps/zstd-build/lib/CMakeFiles/libzstd_static.dir/__/__/zstd-src/lib/common/entropy_common.c.o
[9/98] Building C object _deps/zstd-build/lib/CMakeFiles/libzstd_static.dir/__/__/zstd-src/lib/common/fse_decompress.c.o
[10/98] Building C object _deps/zstd-build/lib/CMakeFiles/libzstd_static.dir/__/__/zstd-src/lib/compress/hist.c.o
[11/98] Building C object _deps/zstd-build/lib/CMakeFiles/libzstd_static.dir/__/__/zstd-src/lib/compress/fse_compress.c.o
[12/98] Building C object _deps/zstd-build/lib/CMakeFiles/libzstd_static.dir/__/__/zstd-src/lib/compress/zstd_compress_literals.c.o
[13/98] Building C object _deps/zstd-build/lib/CMakeFiles/libzstd_static.dir/__/__/zstd-src/lib/compress/zstd_compress_sequences.c.o
[14/98] Building CXX object _deps/libadrenotools-build/lib/linkernsbypass/CMakeFiles/linkernsbypass.dir/android_linker_ns.cpp.o
/home/runner/work/rpcsx-ui-android/rpcsx-ui-android/app/.cxx/RelWithDebInfo/3q4p6b3h/arm64-v8a/_deps/libadrenotools-src/lib/linkernsbypass/android_linker_ns.cpp:68:5: warning: missing field 'reserved_addr' initializer [-Wmissing-designated-field-initializers]
   68 |     };
      |     ^
/home/runner/work/rpcsx-ui-android/rpcsx-ui-android/app/.cxx/RelWithDebInfo/3q4p6b3h/arm64-v8a/_deps/libadrenotools-src/lib/linkernsbypass/android_linker_ns.cpp:116:5: warning: missing field 'reserved_addr' initializer [-Wmissing-designated-field-initializers]
  116 |     };
      |     ^
/home/runner/work/rpcsx-ui-android/rpcsx-ui-android/app/.cxx/RelWithDebInfo/3q4p6b3h/arm64-v8a/_deps/libadrenotools-src/lib/linkernsbypass/android_linker_ns.cpp:106:5: warning: 'snprintf' will always be truncated; specified size is 3, but format string expands to at least 4 [-Wformat-truncation]
  106 |     snprintf(sonameOverwrite.data(), sonameOverwrite.size(), "%03u", TargetId++);
      |     ^
3 warnings generated.
[15/98] Building C object _deps/zstd-build/lib/CMakeFiles/libzstd_static.dir/__/__/zstd-src/lib/compress/huf_compress.c.o
[16/98] Building C object _deps/zstd-build/lib/CMakeFiles/libzstd_static.dir/__/__/zstd-src/lib/compress/zstd_compress_superblock.c.o
[17/98] Building C object _deps/zstd-build/lib/CMakeFiles/libzstd_static.dir/__/__/zstd-src/lib/compress/zstd_ldm.c.o
[18/98] Building C object _deps/zstd-build/lib/CMakeFiles/libzstd_static.dir/__/__/zstd-src/lib/compress/zstdmt_compress.c.o
[19/98] Building C object _deps/zstd-build/lib/CMakeFiles/libzstd_static.dir/__/__/zstd-src/lib/compress/zstd_compress.c.o
[20/98] Building C object _deps/zstd-build/lib/CMakeFiles/libzstd_static.dir/__/__/zstd-src/lib/decompress/huf_decompress_amd64.S.o
[21/98] Building C object _deps/zstd-build/lib/CMakeFiles/libzstd_static.dir/__/__/zstd-src/lib/compress/zstd_double_fast.c.o
[22/98] Building C object _deps/zstd-build/lib/CMakeFiles/libzstd_static.dir/__/__/zstd-src/lib/compress/zstd_opt.c.o
[23/98] Building C object _deps/zstd-build/lib/CMakeFiles/libzstd_static.dir/__/__/zstd-src/lib/compress/zstd_fast.c.o
[24/98] Building C object _deps/zstd-build/lib/CMakeFiles/libzstd_static.dir/__/__/zstd-src/lib/decompress/zstd_ddict.c.o
[25/98] Building C object _deps/zstd-build/lib/CMakeFiles/libzstd_static.dir/__/__/zstd-src/lib/decompress/zstd_decompress.c.o
[26/98] Building C object _deps/zstd-build/lib/CMakeFiles/libzstd_static.dir/__/__/zstd-src/lib/dictBuilder/cover.c.o
[27/98] Building C object _deps/zstd-build/lib/CMakeFiles/libzstd_static.dir/__/__/zstd-src/lib/decompress/huf_decompress.c.o
[28/98] Building C object _deps/zstd-build/lib/CMakeFiles/libzstd_static.dir/__/__/zstd-src/lib/dictBuilder/fastcover.c.o
[29/98] Building C object _deps/zstd-build/lib/CMakeFiles/libzstd_static.dir/__/__/zstd-src/lib/dictBuilder/divsufsort.c.o
[30/98] Linking CXX static library _deps/libadrenotools-build/lib/linkernsbypass/liblinkernsbypass.a
[31/98] Building C object _deps/zstd-build/lib/CMakeFiles/libzstd_static.dir/__/__/zstd-src/lib/decompress/zstd_decompress_block.c.o
[32/98] Building C object _deps/zstd-build/lib/CMakeFiles/libzstd_static.dir/__/__/zstd-src/lib/dictBuilder/zdict.c.o
[33/98] Building CXX object _deps/libadrenotools-build/CMakeFiles/adrenotools.dir/src/driver.cpp.o
/home/runner/work/rpcsx-ui-android/rpcsx-ui-android/app/.cxx/RelWithDebInfo/3q4p6b3h/arm64-v8a/_deps/libadrenotools-src/src/driver.cpp:109:5: warning: missing field 'id' initializer [-Wmissing-designated-field-initializers]
  109 |     };
      |     ^
/home/runner/work/rpcsx-ui-android/rpcsx-ui-android/app/.cxx/RelWithDebInfo/3q4p6b3h/arm64-v8a/_deps/libadrenotools-src/src/driver.cpp:145:5: warning: missing field 'va_len' initializer [-Wmissing-designated-field-initializers]
  145 |     };
      |     ^
2 warnings generated.
[34/98] Building CXX object CMakeFiles/rpcsx-android.dir/signal_handler.cpp.o
[35/98] Building CXX object _deps/libadrenotools-build/src/hook/CMakeFiles/hook_impl.dir/hook_impl.cpp.o
/home/runner/work/rpcsx-ui-android/rpcsx-ui-android/app/.cxx/RelWithDebInfo/3q4p6b3h/arm64-v8a/_deps/libadrenotools-src/src/hook/hook_impl.cpp:151:13: warning: missing field 'reserved_addr' initializer [-Wmissing-designated-field-initializers]
  151 |             };
      |             ^
/home/runner/work/rpcsx-ui-android/rpcsx-ui-android/app/.cxx/RelWithDebInfo/3q4p6b3h/arm64-v8a/_deps/libadrenotools-src/src/hook/hook_impl.cpp:211:9: warning: missing field 'id' initializer [-Wmissing-designated-field-initializers]
  211 |         };
      |         ^
/home/runner/work/rpcsx-ui-android/rpcsx-ui-android/app/.cxx/RelWithDebInfo/3q4p6b3h/arm64-v8a/_deps/libadrenotools-src/src/hook/hook_impl.cpp:220:9: warning: missing field 'flags' initializer [-Wmissing-designated-field-initializers]
  220 |         };
      |         ^
3 warnings generated.
[36/98] Building CXX object _deps/libadrenotools-build/CMakeFiles/adrenotools.dir/src/bcenabler.cpp.o
[37/98] Building CXX object CMakeFiles/rpcsx-android.dir/fastmem_mapper.cpp.o
[38/98] Building CXX object CMakeFiles/rpcsx-android.dir/native-lib.cpp.o
[39/98] Building CXX object CMakeFiles/rpcsx-android.dir/thread_scheduler.cpp.o
[40/98] Building C object _deps/zstd-build/lib/CMakeFiles/libzstd_static.dir/__/__/zstd-src/lib/compress/zstd_lazy.c.o
[41/98] Building CXX object CMakeFiles/rpcsx-android.dir/frostbite_hacks.cpp.o
/home/runner/work/rpcsx-ui-android/rpcsx-ui-android/app/src/main/cpp/frostbite_hacks.cpp:170:53: warning: more '%' conversions than data arguments [-Wformat-insufficient-args]
  170 |     LOGI("Shader complexity reduced - expect 20-30% FPS boost");
      |                                                   ~~^
/home/runner/work/rpcsx-ui-android/rpcsx-ui-android/app/src/main/cpp/frostbite_hacks.cpp:12:66: note: expanded from macro 'LOGI'
   12 | #define LOGI(...) __android_log_print(ANDROID_LOG_INFO, LOG_TAG, __VA_ARGS__)
      |                                                                  ^~~~~~~~~~~
/home/runner/work/rpcsx-ui-android/rpcsx-ui-android/app/src/main/cpp/frostbite_hacks.cpp:242:36: warning: more '%' conversions than data arguments [-Wformat-insufficient-args]
  242 |     LOGI("Culling optimized - ~15% fewer draw calls");
      |                                  ~~^
/home/runner/work/rpcsx-ui-android/rpcsx-ui-android/app/src/main/cpp/frostbite_hacks.cpp:12:66: note: expanded from macro 'LOGI'
   12 | #define LOGI(...) __android_log_print(ANDROID_LOG_INFO, LOG_TAG, __VA_ARGS__)
      |                                                                  ^~~~~~~~~~~
2 warnings generated.
[42/98] Building CXX object CMakeFiles/rpcsx-android.dir/shader_cache_manager.cpp.o
/home/runner/work/rpcsx-ui-android/rpcsx-ui-android/app/src/main/cpp/shader_cache_manager.cpp:375:69: warning: format specifies type 'unsigned long long' but the argument has type 'uint64_t' (aka 'unsigned long') [-Wformat]
  375 |     LOGI("Shader cached to L3: hash=%016llx (%u bytes compressed)", hash, size);
      |                                     ~~~~~~~                         ^~~~
      |                                     %016lx
/home/runner/work/rpcsx-ui-android/rpcsx-ui-android/app/src/main/cpp/shader_cache_manager.cpp:20:66: note: expanded from macro 'LOGI'
   20 | #define LOGI(...) __android_log_print(ANDROID_LOG_INFO, LOG_TAG, __VA_ARGS__)
      |                                                                  ^~~~~~~~~~~
/home/runner/work/rpcsx-ui-android/rpcsx-ui-android/app/src/main/cpp/shader_cache_manager.cpp:411:36: warning: format specifies type 'unsigned long long' but the argument has type 'unsigned long' [-Wformat]
  411 |     LOGI("L1 (Memory) hits: %llu", g_cache->l1_hits.load());
      |                             ~~~~   ^~~~~~~~~~~~~~~~~~~~~~~
      |                             %lu
/home/runner/work/rpcsx-ui-android/rpcsx-ui-android/app/src/main/cpp/shader_cache_manager.cpp:20:66: note: expanded from macro 'LOGI'
   20 | #define LOGI(...) __android_log_print(ANDROID_LOG_INFO, LOG_TAG, __VA_ARGS__)
      |                                                                  ^~~~~~~~~~~
/home/runner/work/rpcsx-ui-android/rpcsx-ui-android/app/src/main/cpp/shader_cache_manager.cpp:412:37: warning: format specifies type 'unsigned long long' but the argument has type 'unsigned long' [-Wformat]
  412 |     LOGI("L2 (UFS 4.0) hits: %llu", g_cache->l2_hits.load());
      |                              ~~~~   ^~~~~~~~~~~~~~~~~~~~~~~
      |                              %lu
/home/runner/work/rpcsx-ui-android/rpcsx-ui-android/app/src/main/cpp/shader_cache_manager.cpp:20:66: note: expanded from macro 'LOGI'
   20 | #define LOGI(...) __android_log_print(ANDROID_LOG_INFO, LOG_TAG, __VA_ARGS__)
      |                                                                  ^~~~~~~~~~~
/home/runner/work/rpcsx-ui-android/rpcsx-ui-android/app/src/main/cpp/shader_cache_manager.cpp:413:40: warning: format specifies type 'unsigned long long' but the argument has type 'unsigned long' [-Wformat]
  413 |     LOGI("L3 (Compressed) hits: %llu", g_cache->l3_hits.load());
      |                                 ~~~~   ^~~~~~~~~~~~~~~~~~~~~~~
      |                                 %lu
/home/runner/work/rpcsx-ui-android/rpcsx-ui-android/app/src/main/cpp/shader_cache_manager.cpp:20:66: note: expanded from macro 'LOGI'
   20 | #define LOGI(...) __android_log_print(ANDROID_LOG_INFO, LOG_TAG, __VA_ARGS__)
      |                                                                  ^~~~~~~~~~~
/home/runner/work/rpcsx-ui-android/rpcsx-ui-android/app/src/main/cpp/shader_cache_manager.cpp:414:32: warning: format specifies type 'unsigned long long' but the argument has type 'unsigned long' [-Wformat]
  414 |     LOGI("Cache misses: %llu", g_cache->cache_misses.load());
      |                         ~~~~   ^~~~~~~~~~~~~~~~~~~~~~~~~~~~
      |                         %lu
/home/runner/work/rpcsx-ui-android/rpcsx-ui-android/app/src/main/cpp/shader_cache_manager.cpp:20:66: note: expanded from macro 'LOGI'
   20 | #define LOGI(...) __android_log_print(ANDROID_LOG_INFO, LOG_TAG, __VA_ARGS__)
      |                                                                  ^~~~~~~~~~~
5 warnings generated.
[43/98] Building CXX object CMakeFiles/rpcsx-android.dir/nce_engine.cpp.o
[44/98] Building CXX object CMakeFiles/rpcsx-android.dir/fsr31/fsr31.cpp.o
[45/98] Building CXX object CMakeFiles/rpcsx-android.dir/nce_jit/ppc_decoder.cpp.o
[46/98] Building CXX object CMakeFiles/rpcsx-android.dir/nce_jit/arm64_emitter.cpp.o
[47/98] Building CXX object CMakeFiles/rpcsx-android.dir/realsteel_hacks.cpp.o
[48/98] Building CXX object CMakeFiles/rpcsx-android.dir/nce_core/nce_standalone.cpp.o
[49/98] Building CXX object CMakeFiles/rpcsx-android.dir/game_patches.cpp.o
[50/98] Building CXX object CMakeFiles/rpcsx-android.dir/vulkan_renderer.cpp.o
[51/98] Building CXX object CMakeFiles/rpcsx-android.dir/nce_v8/nce_v8.cpp.o
[52/98] Building CXX object CMakeFiles/rpcsx-android.dir/nce_v8/tiered_jit.cpp.o
/home/runner/work/rpcsx-ui-android/rpcsx-ui-android/app/src/main/cpp/nce_v8/tiered_jit.cpp:164:13: warning: shift count >= width of type [-Wshift-count-overflow]
  164 |         imm <<= 16;
      |             ^   ~~
1 warning generated.
[53/98] Building C object _deps/zstd-build/lib/CMakeFiles/libzstd_shared.dir/__/__/zstd-src/lib/common/debug.c.o
[54/98] Building CXX object CMakeFiles/rpcsx-android.dir/plt_hook.cpp.o
[55/98] Building CXX object CMakeFiles/rpcsx-android.dir/nce_core/nce_native.cpp.o
FAILED: CMakeFiles/rpcsx-android.dir/nce_core/nce_native.cpp.o 
/usr/local/lib/android/sdk/ndk/29.0.13113456/toolchains/llvm/prebuilt/linux-x86_64/bin/clang++ --target=aarch64-none-linux-android29 --sysroot=/usr/local/lib/android/sdk/ndk/29.0.13113456/toolchains/llvm/prebuilt/linux-x86_64/sysroot -Drpcsx_android_EXPORTS -I/home/runner/work/rpcsx-ui-android/rpcsx-ui-android/app/.cxx/RelWithDebInfo/3q4p6b3h/arm64-v8a/_deps/zstd-src/lib -I/home/runner/work/rpcsx-ui-android/rpcsx-ui-android/app/src/main/cpp -I/home/runner/work/rpcsx-ui-android/rpcsx-ui-android/app/.cxx/RelWithDebInfo/3q4p6b3h/arm64-v8a/_deps/libadrenotools-src/include -I/home/runner/work/rpcsx-ui-android/rpcsx-ui-android/app/.cxx/RelWithDebInfo/3q4p6b3h/arm64-v8a/_deps/libadrenotools-src/lib/linkernsbypass/. -g -DANDROID -fdata-sections -ffunction-sections -funwind-tables -fstack-protector-strong -no-canonical-prefixes -D_FORTIFY_SOURCE=2 -Wformat -Werror=format-security   -O2 -g -DNDEBUG -std=gnu++20 -fPIC -Ofast -O3 -ffast-math -ftree-vectorize -funroll-loops -finline-functions -fdata-sections -ffunction-sections -Wno-unused-command-line-argument -mcpu=cortex-x4 -march=armv9-a+sve2 -flto -MD -MT CMakeFiles/rpcsx-android.dir/nce_core/nce_native.cpp.o -MF CMakeFiles/rpcsx-android.dir/nce_core/nce_native.cpp.o.d -o CMakeFiles/rpcsx-android.dir/nce_core/nce_native.cpp.o -c /home/runner/work/rpcsx-ui-android/rpcsx-ui-android/app/src/main/cpp/nce_core/nce_native.cpp
/home/runner/work/rpcsx-ui-android/rpcsx-ui-android/app/src/main/cpp/nce_core/nce_native.cpp:741:68: error: no member named 'GetMainMemory' in 'rpcsx::nce::ps3::PS3MemoryManager'
  741 |     ppu_interpreter_->Initialize(ps3::PS3MemoryManager::Instance().GetMainMemory(),
      |                                  ~~~~~~~~~~~~~~~~~~~~~~~~~~~~~~~~~ ^
/home/runner/work/rpcsx-ui-android/rpcsx-ui-android/app/src/main/cpp/nce_core/nce_native.cpp:768:27: error: no member named 'Shutdown' in 'rpcsx::ppu::PPUInterpreter'
  768 |         ppu_interpreter_->Shutdown();
      |         ~~~~~~~~~~~~~~~~~~^
/home/runner/work/rpcsx-ui-android/rpcsx-ui-android/app/src/main/cpp/nce_core/nce_native.cpp:904:43: error: no member named 'GetMainMemory' in 'rpcsx::nce::ps3::PS3MemoryManager'
  904 |         ps3::PS3MemoryManager::Instance().GetMainMemory(),
      |         ~~~~~~~~~~~~~~~~~~~~~~~~~~~~~~~~~ ^
/home/runner/work/rpcsx-ui-android/rpcsx-ui-android/app/src/main/cpp/nce_core/nce_native.cpp:910:17: error: member access into incomplete type 'rpcsx::spu::SPUJITCompiler'
  910 |         spu_jit_->Initialize(64 * 1024 * 1024);
      |                 ^
/home/runner/work/rpcsx-ui-android/rpcsx-ui-android/app/src/main/cpp/nce_core/nce_native.h:33:45: note: forward declaration of 'rpcsx::spu::SPUJITCompiler'
   33 | namespace spu { class SPUThreadGroup; class SPUJITCompiler; }
      |                                             ^
In file included from /home/runner/work/rpcsx-ui-android/rpcsx-ui-android/app/src/main/cpp/nce_core/nce_native.cpp:3:
In file included from /home/runner/work/rpcsx-ui-android/rpcsx-ui-android/app/src/main/cpp/nce_core/nce_native.h:19:
In file included from /usr/local/lib/android/sdk/ndk/29.0.13113456/toolchains/llvm/prebuilt/linux-x86_64/sysroot/usr/include/c++/v1/memory:940:
In file included from /usr/local/lib/android/sdk/ndk/29.0.13113456/toolchains/llvm/prebuilt/linux-x86_64/sysroot/usr/include/c++/v1/__memory/allocator.h:15:
In file included from /usr/local/lib/android/sdk/ndk/29.0.13113456/toolchains/llvm/prebuilt/linux-x86_64/sysroot/usr/include/c++/v1/__memory/allocate_at_least.h:13:
/usr/local/lib/android/sdk/ndk/29.0.13113456/toolchains/llvm/prebuilt/linux-x86_64/sysroot/usr/include/c++/v1/__memory/allocator_traits.h:328:5: error: no matching function for call to '__construct_at'
  328 |     std::__construct_at(__p, std::forward<_Args>(__args)...);
      |     ^~~~~~~~~~~~~~~~~~~
/usr/local/lib/android/sdk/ndk/29.0.13113456/toolchains/llvm/prebuilt/linux-x86_64/sysroot/usr/include/c++/v1/vector:960:21: note: in instantiation of function template specialization 'std::allocator_traits<std::allocator<rpcsx::nce::SPUExecutionEngine::SPUThread>>::construct<rpcsx::nce::SPUExecutionEngine::SPUThread, rpcsx::nce::SPUExecutionEngine::SPUThread, void, 0>' requested here
  960 |     __alloc_traits::construct(this->__alloc(), std::__to_address(__tx.__pos_), std::forward<_Args>(__args)...);
      |                     ^
/usr/local/lib/android/sdk/ndk/29.0.13113456/toolchains/llvm/prebuilt/linux-x86_64/sysroot/usr/include/c++/v1/vector:1522:5: note: in instantiation of function template specialization 'std::vector<rpcsx::nce::SPUExecutionEngine::SPUThread>::__construct_one_at_end<rpcsx::nce::SPUExecutionEngine::SPUThread>' requested here
 1522 |     __construct_one_at_end(std::move(__x));
      |     ^
/home/runner/work/rpcsx-ui-android/rpcsx-ui-android/app/src/main/cpp/nce_core/nce_native.cpp:938:24: note: in instantiation of member function 'std::vector<rpcsx::nce::SPUExecutionEngine::SPUThread>::push_back' requested here
  938 |         group->threads.push_back(std::move(spu));
      |                        ^
/usr/local/lib/android/sdk/ndk/29.0.13113456/toolchains/llvm/prebuilt/linux-x86_64/sysroot/usr/include/c++/v1/__memory/construct_at.h:47:58: note: candidate template ignored: substitution failure [with _Tp = rpcsx::nce::SPUExecutionEngine::SPUThread, _Args = <rpcsx::nce::SPUExecutionEngine::SPUThread>]: call to implicitly-deleted copy constructor of 'rpcsx::nce::SPUExecutionEngine::SPUThread'
   46 | template <class _Tp, class... _Args, class = decltype(::new(std::declval<void*>()) _Tp(std::declval<_Args>()...))>
      |                                                                                    ~~~
   47 | _LIBCPP_HIDE_FROM_ABI _LIBCPP_CONSTEXPR_SINCE_CXX20 _Tp* __construct_at(_Tp* __location, _Args&&... __args) {
      |                                                          ^
In file included from /home/runner/work/rpcsx-ui-android/rpcsx-ui-android/app/src/main/cpp/nce_core/nce_native.cpp:3:
In file included from /home/runner/work/rpcsx-ui-android/rpcsx-ui-android/app/src/main/cpp/nce_core/nce_native.h:19:
In file included from /usr/local/lib/android/sdk/ndk/29.0.13113456/toolchains/llvm/prebuilt/linux-x86_64/sysroot/usr/include/c++/v1/memory:944:
In file included from /usr/local/lib/android/sdk/ndk/29.0.13113456/toolchains/llvm/prebuilt/linux-x86_64/sysroot/usr/include/c++/v1/__memory/inout_ptr.h:16:
In file included from /usr/local/lib/android/sdk/ndk/29.0.13113456/toolchains/llvm/prebuilt/linux-x86_64/sysroot/usr/include/c++/v1/__memory/shared_ptr.h:31:
/usr/local/lib/android/sdk/ndk/29.0.13113456/toolchains/llvm/prebuilt/linux-x86_64/sysroot/usr/include/c++/v1/__memory/uninitialized_algorithms.h:620:17: error: static assertion failed due to requirement '__is_cpp17_move_insertable<std::allocator<rpcsx::nce::SPUExecutionEngine::SPUThread>, void>::value': The specified type does not meet the requirements of Cpp17MoveInsertable
  620 |   static_assert(__is_cpp17_move_insertable<_Alloc>::value,
      |                 ^~~~~~~~~~~~~~~~~~~~~~~~~~~~~~~~~~~~~~~~~
/usr/local/lib/android/sdk/ndk/29.0.13113456/toolchains/llvm/prebuilt/linux-x86_64/sysroot/usr/include/c++/v1/vector:1051:8: note: in instantiation of function template specialization 'std::__uninitialized_allocator_relocate<std::allocator<rpcsx::nce::SPUExecutionEngine::SPUThread>, rpcsx::nce::SPUExecutionEngine::SPUThread>' requested here
 1051 |   std::__uninitialized_allocator_relocate(
      |        ^
/usr/local/lib/android/sdk/ndk/29.0.13113456/toolchains/llvm/prebuilt/linux-x86_64/sysroot/usr/include/c++/v1/vector:1501:3: note: in instantiation of member function 'std::vector<rpcsx::nce::SPUExecutionEngine::SPUThread>::__swap_out_circular_buffer' requested here
 1501 |   __swap_out_circular_buffer(__v);
      |   ^
/usr/local/lib/android/sdk/ndk/29.0.13113456/toolchains/llvm/prebuilt/linux-x86_64/sysroot/usr/include/c++/v1/vector:1525:13: note: in instantiation of function template specialization 'std::vector<rpcsx::nce::SPUExecutionEngine::SPUThread>::__push_back_slow_path<rpcsx::nce::SPUExecutionEngine::SPUThread>' requested here
 1525 |     __end = __push_back_slow_path(std::move(__x));
      |             ^
/home/runner/work/rpcsx-ui-android/rpcsx-ui-android/app/src/main/cpp/nce_core/nce_native.cpp:938:24: note: in instantiation of member function 'std::vector<rpcsx::nce::SPUExecutionEngine::SPUThread>::push_back' requested here
  938 |         group->threads.push_back(std::move(spu));
      |                        ^
In file included from /home/runner/work/rpcsx-ui-android/rpcsx-ui-android/app/src/main/cpp/nce_core/nce_native.cpp:3:
In file included from /home/runner/work/rpcsx-ui-android/rpcsx-ui-android/app/src/main/cpp/nce_core/nce_native.h:19:
In file included from /usr/local/lib/android/sdk/ndk/29.0.13113456/toolchains/llvm/prebuilt/linux-x86_64/sysroot/usr/include/c++/v1/memory:944:
In file included from /usr/local/lib/android/sdk/ndk/29.0.13113456/toolchains/llvm/prebuilt/linux-x86_64/sysroot/usr/include/c++/v1/__memory/inout_ptr.h:16:
In file included from /usr/local/lib/android/sdk/ndk/29.0.13113456/toolchains/llvm/prebuilt/linux-x86_64/sysroot/usr/include/c++/v1/__memory/shared_ptr.h:32:
/usr/local/lib/android/sdk/ndk/29.0.13113456/toolchains/llvm/prebuilt/linux-x86_64/sysroot/usr/include/c++/v1/__memory/unique_ptr.h:66:19: error: invalid application of 'sizeof' to an incomplete type 'rpcsx::spu::SPUJITCompiler'
   66 |     static_assert(sizeof(_Tp) >= 0, "cannot delete an incomplete type");
      |                   ^~~~~~~~~~~
/usr/local/lib/android/sdk/ndk/29.0.13113456/toolchains/llvm/prebuilt/linux-x86_64/sysroot/usr/include/c++/v1/__memory/unique_ptr.h:280:7: note: in instantiation of member function 'std::default_delete<rpcsx::spu::SPUJITCompiler>::operator()' requested here
  280 |       __ptr_.second()(__tmp);
      |       ^
/usr/local/lib/android/sdk/ndk/29.0.13113456/toolchains/llvm/prebuilt/linux-x86_64/sysroot/usr/include/c++/v1/__memory/unique_ptr.h:249:71: note: in instantiation of member function 'std::unique_ptr<rpcsx::spu::SPUJITCompiler>::reset' requested here
  249 |   _LIBCPP_HIDE_FROM_ABI _LIBCPP_CONSTEXPR_SINCE_CXX23 ~unique_ptr() { reset(); }
      |                                                                       ^
/home/runner/work/rpcsx-ui-android/rpcsx-ui-android/app/src/main/cpp/nce_core/nce_native.cpp:893:21: note: in instantiation of member function 'std::unique_ptr<rpcsx::spu::SPUJITCompiler>::~unique_ptr' requested here
  893 | SPUExecutionEngine::SPUExecutionEngine() {
      |                     ^
/home/runner/work/rpcsx-ui-android/rpcsx-ui-android/app/src/main/cpp/nce_core/nce_native.h:33:45: note: forward declaration of 'rpcsx::spu::SPUJITCompiler'
   33 | namespace spu { class SPUThreadGroup; class SPUJITCompiler; }
      |                                             ^
In file included from /home/runner/work/rpcsx-ui-android/rpcsx-ui-android/app/src/main/cpp/nce_core/nce_native.cpp:3:
In file included from /home/runner/work/rpcsx-ui-android/rpcsx-ui-android/app/src/main/cpp/nce_core/nce_native.h:19:
In file included from /usr/local/lib/android/sdk/ndk/29.0.13113456/toolchains/llvm/prebuilt/linux-x86_64/sysroot/usr/include/c++/v1/memory:944:
In file included from /usr/local/lib/android/sdk/ndk/29.0.13113456/toolchains/llvm/prebuilt/linux-x86_64/sysroot/usr/include/c++/v1/__memory/inout_ptr.h:16:
In file included from /usr/local/lib/android/sdk/ndk/29.0.13113456/toolchains/llvm/prebuilt/linux-x86_64/sysroot/usr/include/c++/v1/__memory/shared_ptr.h:32:
/usr/local/lib/android/sdk/ndk/29.0.13113456/toolchains/llvm/prebuilt/linux-x86_64/sysroot/usr/include/c++/v1/__memory/unique_ptr.h:622:30: error: allocation of incomplete type 'rpcsx::spu::SPUJITCompiler'
  622 |   return unique_ptr<_Tp>(new _Tp(std::forward<_Args>(__args)...));
      |                              ^~~
/home/runner/work/rpcsx-ui-android/rpcsx-ui-android/app/src/main/cpp/nce_core/nce_native.cpp:895:21: note: in instantiation of function template specialization 'std::make_unique<rpcsx::spu::SPUJITCompiler>' requested here
  895 |     spu_jit_ = std::make_unique<spu::SPUJITCompiler>();
      |                     ^
/home/runner/work/rpcsx-ui-android/rpcsx-ui-android/app/src/main/cpp/nce_core/nce_native.h:33:45: note: forward declaration of 'rpcsx::spu::SPUJITCompiler'
   33 | namespace spu { class SPUThreadGroup; class SPUJITCompiler; }
      |                                             ^
8 errors generated.
[56/98] Building CXX object CMakeFiles/rpcsx-android.dir/nce_v8/llvm_backend.cpp.o
[57/98] Building C object _deps/zstd-build/lib/CMakeFiles/libzstd_shared.dir/__/__/zstd-src/lib/common/error_private.c.o
[58/98] Building C object _deps/zstd-build/lib/CMakeFiles/libzstd_shared.dir/__/__/zstd-src/lib/common/entropy_common.c.o
[59/98] Building CXX object CMakeFiles/rpcsx-android.dir/ppu_interceptor.cpp.o
[60/98] Building CXX object CMakeFiles/rpcsx-android.dir/nce_hook.cpp.o
ninja: build stopped: subcommand failed.

C++ build system [build] failed while executing:
    /usr/local/lib/android/sdk/cmake/3.31.6/bin/ninja \
      -C \
      /home/runner/work/rpcsx-ui-android/rpcsx-ui-android/app/.cxx/RelWithDebInfo/3q4p6b3h/arm64-v8a \
      file_redirect_hook \
      gsl_alloc_hook \
      hook_impl \
      libzstd_shared \
      main_hook \
      rpcsx-android
  from /home/runner/work/rpcsx-ui-android/rpcsx-ui-android/app
	at org.gradle.internal.UncheckedException.throwAsUncheckedException(UncheckedException.java:69)
	at org.gradle.internal.UncheckedException.throwAsUncheckedException(UncheckedException.java:42)
	at org.gradle.internal.reflect.JavaMethod.invoke(JavaMethod.java:128)
	at org.gradle.api.internal.project.taskfactory.StandardTaskAction.doExecute(StandardTaskAction.java:58)
	at org.gradle.api.internal.project.taskfactory.StandardTaskAction.execute(StandardTaskAction.java:51)
	at org.gradle.api.internal.project.taskfactory.StandardTaskAction.execute(StandardTaskAction.java:29)
	at org.gradle.api.internal.tasks.execution.TaskExecution$3.run(TaskExecution.java:244)
	at org.gradle.internal.operations.DefaultBuildOperationRunner$1.execute(DefaultBuildOperationRunner.java:29)
	at org.gradle.internal.operations.DefaultBuildOperationRunner$1.execute(DefaultBuildOperationRunner.java:26)
	at org.gradle.internal.operations.DefaultBuildOperationRunner$2.execute(DefaultBuildOperationRunner.java:66)
	at org.gradle.internal.operations.DefaultBuildOperationRunner$2.execute(DefaultBuildOperationRunner.java:59)
	at org.gradle.internal.operations.DefaultBuildOperationRunner.execute(DefaultBuildOperationRunner.java:166)
	at org.gradle.internal.operations.DefaultBuildOperationRunner.execute(DefaultBuildOperationRunner.java:59)
	at org.gradle.internal.operations.DefaultBuildOperationRunner.run(DefaultBuildOperationRunner.java:47)
	at org.gradle.api.internal.tasks.execution.TaskExecution.executeAction(TaskExecution.java:229)
	at org.gradle.api.internal.tasks.execution.TaskExecution.executeActions(TaskExecution.java:212)
	at org.gradle.api.internal.tasks.execution.TaskExecution.executeWithPreviousOutputFiles(TaskExecution.java:195)
	at org.gradle.api.internal.tasks.execution.TaskExecution.execute(TaskExecution.java:162)
	at org.gradle.internal.execution.steps.ExecuteStep.executeInternal(ExecuteStep.java:105)
	at org.gradle.internal.execution.steps.ExecuteStep.access$000(ExecuteStep.java:44)
	at org.gradle.internal.execution.steps.ExecuteStep$1.call(ExecuteStep.java:59)
	at org.gradle.internal.execution.steps.ExecuteStep$1.call(ExecuteStep.java:56)
	at org.gradle.internal.operations.DefaultBuildOperationRunner$CallableBuildOperationWorker.execute(DefaultBuildOperationRunner.java:209)
	at org.gradle.internal.operations.DefaultBuildOperationRunner$CallableBuildOperationWorker.execute(DefaultBuildOperationRunner.java:204)
	at org.gradle.internal.operations.DefaultBuildOperationRunner$2.execute(DefaultBuildOperationRunner.java:66)
	at org.gradle.internal.operations.DefaultBuildOperationRunner$2.execute(DefaultBuildOperationRunner.java:59)
	at org.gradle.internal.operations.DefaultBuildOperationRunner.execute(DefaultBuildOperationRunner.java:166)
	at org.gradle.internal.operations.DefaultBuildOperationRunner.execute(DefaultBuildOperationRunner.java:59)
	at org.gradle.internal.operations.DefaultBuildOperationRunner.call(DefaultBuildOperationRunner.java:53)
	at org.gradle.internal.execution.steps.ExecuteStep.execute(ExecuteStep.java:56)
	at org.gradle.internal.execution.steps.ExecuteStep.execute(ExecuteStep.java:44)
	at org.gradle.internal.execution.steps.CancelExecutionStep.execute(CancelExecutionStep.java:42)
	at org.gradle.internal.execution.steps.TimeoutStep.executeWithoutTimeout(TimeoutStep.java:75)
	at org.gradle.internal.execution.steps.TimeoutStep.execute(TimeoutStep.java:55)
	at org.gradle.internal.execution.steps.PreCreateOutputParentsStep.execute(PreCreateOutputParentsStep.java:50)
	at org.gradle.internal.execution.steps.PreCreateOutputParentsStep.execute(PreCreateOutputParentsStep.java:28)
	at org.gradle.internal.execution.steps.RemovePreviousOutputsStep.execute(RemovePreviousOutputsStep.java:67)
	at org.gradle.internal.execution.steps.RemovePreviousOutputsStep.execute(RemovePreviousOutputsStep.java:37)
	at org.gradle.internal.execution.steps.BroadcastChangingOutputsStep.execute(BroadcastChangingOutputsStep.java:61)
	at org.gradle.internal.execution.steps.BroadcastChangingOutputsStep.execute(BroadcastChangingOutputsStep.java:26)
	at org.gradle.internal.execution.steps.CaptureOutputsAfterExecutionStep.execute(CaptureOutputsAfterExecutionStep.java:69)
	at org.gradle.internal.execution.steps.CaptureOutputsAfterExecutionStep.execute(CaptureOutputsAfterExecutionStep.java:46)
	at org.gradle.internal.execution.steps.ResolveInputChangesStep.execute(ResolveInputChangesStep.java:40)
	at org.gradle.internal.execution.steps.ResolveInputChangesStep.execute(ResolveInputChangesStep.java:29)
	at org.gradle.internal.execution.steps.BuildCacheStep.executeWithoutCache(BuildCacheStep.java:189)
	at org.gradle.internal.execution.steps.BuildCacheStep.lambda$execute$1(BuildCacheStep.java:75)
	at org.gradle.internal.Either$Right.fold(Either.java:175)
	at org.gradle.internal.execution.caching.CachingState.fold(CachingState.java:62)
	at org.gradle.internal.execution.steps.BuildCacheStep.execute(BuildCacheStep.java:73)
	at org.gradle.internal.execution.steps.BuildCacheStep.execute(BuildCacheStep.java:48)
	at org.gradle.internal.execution.steps.StoreExecutionStateStep.execute(StoreExecutionStateStep.java:46)
	at org.gradle.internal.execution.steps.StoreExecutionStateStep.execute(StoreExecutionStateStep.java:35)
	at org.gradle.internal.execution.steps.SkipUpToDateStep.executeBecause(SkipUpToDateStep.java:75)
	at org.gradle.internal.execution.steps.SkipUpToDateStep.lambda$execute$2(SkipUpToDateStep.java:53)
	at org.gradle.internal.execution.steps.SkipUpToDateStep.execute(SkipUpToDateStep.java:53)
	at org.gradle.internal.execution.steps.SkipUpToDateStep.execute(SkipUpToDateStep.java:35)
	at org.gradle.internal.execution.steps.legacy.MarkSnapshottingInputsFinishedStep.execute(MarkSnapshottingInputsFinishedStep.java:37)
	at org.gradle.internal.execution.steps.legacy.MarkSnapshottingInputsFinishedStep.execute(MarkSnapshottingInputsFinishedStep.java:27)
	at org.gradle.internal.execution.steps.ResolveIncrementalCachingStateStep.executeDelegate(ResolveIncrementalCachingStateStep.java:49)
	at org.gradle.internal.execution.steps.ResolveIncrementalCachingStateStep.executeDelegate(ResolveIncrementalCachingStateStep.java:27)
	at org.gradle.internal.execution.steps.AbstractResolveCachingStateStep.execute(AbstractResolveCachingStateStep.java:71)
	at org.gradle.internal.execution.steps.AbstractResolveCachingStateStep.execute(AbstractResolveCachingStateStep.java:39)
	at org.gradle.internal.execution.steps.ResolveChangesStep.execute(ResolveChangesStep.java:65)
	at org.gradle.internal.execution.steps.ResolveChangesStep.execute(ResolveChangesStep.java:36)
	at org.gradle.internal.execution.steps.ValidateStep.execute(ValidateStep.java:107)
	at org.gradle.internal.execution.steps.ValidateStep.execute(ValidateStep.java:56)
	at org.gradle.internal.execution.steps.AbstractCaptureStateBeforeExecutionStep.execute(AbstractCaptureStateBeforeExecutionStep.java:64)
	at org.gradle.internal.execution.steps.AbstractCaptureStateBeforeExecutionStep.execute(AbstractCaptureStateBeforeExecutionStep.java:43)
	at org.gradle.internal.execution.steps.AbstractSkipEmptyWorkStep.executeWithNonEmptySources(AbstractSkipEmptyWorkStep.java:125)
	at org.gradle.internal.execution.steps.AbstractSkipEmptyWorkStep.execute(AbstractSkipEmptyWorkStep.java:56)
	at org.gradle.internal.execution.steps.AbstractSkipEmptyWorkStep.execute(AbstractSkipEmptyWorkStep.java:36)
	at org.gradle.internal.execution.steps.legacy.MarkSnapshottingInputsStartedStep.execute(MarkSnapshottingInputsStartedStep.java:38)
	at org.gradle.internal.execution.steps.LoadPreviousExecutionStateStep.execute(LoadPreviousExecutionStateStep.java:36)
	at org.gradle.internal.execution.steps.LoadPreviousExecutionStateStep.execute(LoadPreviousExecutionStateStep.java:23)
	at org.gradle.internal.execution.steps.HandleStaleOutputsStep.execute(HandleStaleOutputsStep.java:75)
	at org.gradle.internal.execution.steps.HandleStaleOutputsStep.execute(HandleStaleOutputsStep.java:41)
	at org.gradle.internal.execution.steps.AssignMutableWorkspaceStep.lambda$execute$0(AssignMutableWorkspaceStep.java:35)
	at org.gradle.api.internal.tasks.execution.TaskExecution$4.withWorkspace(TaskExecution.java:289)
	at org.gradle.internal.execution.steps.AssignMutableWorkspaceStep.execute(AssignMutableWorkspaceStep.java:31)
	at org.gradle.internal.execution.steps.AssignMutableWorkspaceStep.execute(AssignMutableWorkspaceStep.java:22)
	at org.gradle.internal.execution.steps.ChoosePipelineStep.execute(ChoosePipelineStep.java:40)
	at org.gradle.internal.execution.steps.ChoosePipelineStep.execute(ChoosePipelineStep.java:23)
	at org.gradle.internal.execution.steps.ExecuteWorkBuildOperationFiringStep.lambda$execute$2(ExecuteWorkBuildOperationFiringStep.java:67)
	at org.gradle.internal.execution.steps.ExecuteWorkBuildOperationFiringStep.execute(ExecuteWorkBuildOperationFiringStep.java:67)
	at org.gradle.internal.execution.steps.ExecuteWorkBuildOperationFiringStep.execute(ExecuteWorkBuildOperationFiringStep.java:39)
	at org.gradle.internal.execution.steps.IdentityCacheStep.execute(IdentityCacheStep.java:46)
	at org.gradle.internal.execution.steps.IdentityCacheStep.execute(IdentityCacheStep.java:34)
	at org.gradle.internal.execution.steps.IdentifyStep.execute(IdentifyStep.java:48)
	at org.gradle.internal.execution.steps.IdentifyStep.execute(IdentifyStep.java:35)
	at org.gradle.internal.execution.impl.DefaultExecutionEngine$1.execute(DefaultExecutionEngine.java:61)
	at org.gradle.api.internal.tasks.execution.ExecuteActionsTaskExecuter.executeIfValid(ExecuteActionsTaskExecuter.java:127)
	at org.gradle.api.internal.tasks.execution.ExecuteActionsTaskExecuter.execute(ExecuteActionsTaskExecuter.java:116)
	at org.gradle.api.internal.tasks.execution.FinalizePropertiesTaskExecuter.execute(FinalizePropertiesTaskExecuter.java:46)
	at org.gradle.api.internal.tasks.execution.ResolveTaskExecutionModeExecuter.execute(ResolveTaskExecutionModeExecuter.java:51)
	at org.gradle.api.internal.tasks.execution.SkipTaskWithNoActionsExecuter.execute(SkipTaskWithNoActionsExecuter.java:57)
	at org.gradle.api.internal.tasks.execution.SkipOnlyIfTaskExecuter.execute(SkipOnlyIfTaskExecuter.java:74)
	at org.gradle.api.internal.tasks.execution.CatchExceptionTaskExecuter.execute(CatchExceptionTaskExecuter.java:36)
	at org.gradle.api.internal.tasks.execution.EventFiringTaskExecuter$1.executeTask(EventFiringTaskExecuter.java:77)
	at org.gradle.api.internal.tasks.execution.EventFiringTaskExecuter$1.call(EventFiringTaskExecuter.java:55)
	at org.gradle.api.internal.tasks.execution.EventFiringTaskExecuter$1.call(EventFiringTaskExecuter.java:52)
	at org.gradle.internal.operations.DefaultBuildOperationRunner$CallableBuildOperationWorker.execute(DefaultBuildOperationRunner.java:209)
	at org.gradle.internal.operations.DefaultBuildOperationRunner$CallableBuildOperationWorker.execute(DefaultBuildOperationRunner.java:204)
	at org.gradle.internal.operations.DefaultBuildOperationRunner$2.execute(DefaultBuildOperationRunner.java:66)
	at org.gradle.internal.operations.DefaultBuildOperationRunner$2.execute(DefaultBuildOperationRunner.java:59)
	at org.gradle.internal.operations.DefaultBuildOperationRunner.execute(DefaultBuildOperationRunner.java:166)
	at org.gradle.internal.operations.DefaultBuildOperationRunner.execute(DefaultBuildOperationRunner.java:59)
	at org.gradle.internal.operations.DefaultBuildOperationRunner.call(DefaultBuildOperationRunner.java:53)
	at org.gradle.api.internal.tasks.execution.EventFiringTaskExecuter.execute(EventFiringTaskExecuter.java:52)
	at org.gradle.execution.plan.LocalTaskNodeExecutor.execute(LocalTaskNodeExecutor.java:42)
	at org.gradle.execution.taskgraph.DefaultTaskExecutionGraph$InvokeNodeExecutorsAction.execute(DefaultTaskExecutionGraph.java:331)
	at org.gradle.execution.taskgraph.DefaultTaskExecutionGraph$InvokeNodeExecutorsAction.execute(DefaultTaskExecutionGraph.java:318)
	at org.gradle.execution.taskgraph.DefaultTaskExecutionGraph$BuildOperationAwareExecutionAction.lambda$execute$0(DefaultTaskExecutionGraph.java:314)
	at org.gradle.internal.operations.CurrentBuildOperationRef.with(CurrentBuildOperationRef.java:85)
	at org.gradle.execution.taskgraph.DefaultTaskExecutionGraph$BuildOperationAwareExecutionAction.execute(DefaultTaskExecutionGraph.java:314)
	at org.gradle.execution.taskgraph.DefaultTaskExecutionGraph$BuildOperationAwareExecutionAction.execute(DefaultTaskExecutionGraph.java:303)
	at org.gradle.execution.plan.DefaultPlanExecutor$ExecutorWorker.execute(DefaultPlanExecutor.java:459)
	at org.gradle.execution.plan.DefaultPlanExecutor$ExecutorWorker.run(DefaultPlanExecutor.java:376)
	at org.gradle.internal.concurrent.ExecutorPolicy$CatchAndRecordFailures.onExecute(ExecutorPolicy.java:64)
	at org.gradle.internal.concurrent.AbstractManagedExecutor$1.run(AbstractManagedExecutor.java:48)
Caused by: com.android.ide.common.process.ProcessException: ninja: Entering directory `/home/runner/work/rpcsx-ui-android/rpcsx-ui-android/app/.cxx/RelWithDebInfo/3q4p6b3h/arm64-v8a'
[1/98] Building C object _deps/zstd-build/lib/CMakeFiles/libzstd_static.dir/__/__/zstd-src/lib/common/debug.c.o
[2/98] Building CXX object _deps/libadrenotools-build/lib/linkernsbypass/CMakeFiles/linkernsbypass.dir/elf_soname_patcher.cpp.o
[3/98] Building C object _deps/zstd-build/lib/CMakeFiles/libzstd_static.dir/__/__/zstd-src/lib/common/threading.c.o
[4/98] Building C object _deps/zstd-build/lib/CMakeFiles/libzstd_static.dir/__/__/zstd-src/lib/common/error_private.c.o
[5/98] Building C object _deps/zstd-build/lib/CMakeFiles/libzstd_static.dir/__/__/zstd-src/lib/common/pool.c.o
[6/98] Building C object _deps/zstd-build/lib/CMakeFiles/libzstd_static.dir/__/__/zstd-src/lib/common/xxhash.c.o
[7/98] Building C object _deps/zstd-build/lib/CMakeFiles/libzstd_static.dir/__/__/zstd-src/lib/common/zstd_common.c.o
[8/98] Building C object _deps/zstd-build/lib/CMakeFiles/libzstd_static.dir/__/__/zstd-src/lib/common/entropy_common.c.o
[9/98] Building C object _deps/zstd-build/lib/CMakeFiles/libzstd_static.dir/__/__/zstd-src/lib/common/fse_decompress.c.o
[10/98] Building C object _deps/zstd-build/lib/CMakeFiles/libzstd_static.dir/__/__/zstd-src/lib/compress/hist.c.o
[11/98] Building C object _deps/zstd-build/lib/CMakeFiles/libzstd_static.dir/__/__/zstd-src/lib/compress/fse_compress.c.o
[12/98] Building C object _deps/zstd-build/lib/CMakeFiles/libzstd_static.dir/__/__/zstd-src/lib/compress/zstd_compress_literals.c.o
[13/98] Building C object _deps/zstd-build/lib/CMakeFiles/libzstd_static.dir/__/__/zstd-src/lib/compress/zstd_compress_sequences.c.o
[14/98] Building CXX object _deps/libadrenotools-build/lib/linkernsbypass/CMakeFiles/linkernsbypass.dir/android_linker_ns.cpp.o
/home/runner/work/rpcsx-ui-android/rpcsx-ui-android/app/.cxx/RelWithDebInfo/3q4p6b3h/arm64-v8a/_deps/libadrenotools-src/lib/linkernsbypass/android_linker_ns.cpp:68:5: warning: missing field 'reserved_addr' initializer [-Wmissing-designated-field-initializers]
   68 |     };
      |     ^
/home/runner/work/rpcsx-ui-android/rpcsx-ui-android/app/.cxx/RelWithDebInfo/3q4p6b3h/arm64-v8a/_deps/libadrenotools-src/lib/linkernsbypass/android_linker_ns.cpp:116:5: warning: missing field 'reserved_addr' initializer [-Wmissing-designated-field-initializers]
  116 |     };
      |     ^
/home/runner/work/rpcsx-ui-android/rpcsx-ui-android/app/.cxx/RelWithDebInfo/3q4p6b3h/arm64-v8a/_deps/libadrenotools-src/lib/linkernsbypass/android_linker_ns.cpp:106:5: warning: 'snprintf' will always be truncated; specified size is 3, but format string expands to at least 4 [-Wformat-truncation]
  106 |     snprintf(sonameOverwrite.data(), sonameOverwrite.size(), "%03u", TargetId++);
      |     ^
3 warnings generated.
[15/98] Building C object _deps/zstd-build/lib/CMakeFiles/libzstd_static.dir/__/__/zstd-src/lib/compress/huf_compress.c.o
[16/98] Building C object _deps/zstd-build/lib/CMakeFiles/libzstd_static.dir/__/__/zstd-src/lib/compress/zstd_compress_superblock.c.o
[17/98] Building C object _deps/zstd-build/lib/CMakeFiles/libzstd_static.dir/__/__/zstd-src/lib/compress/zstd_ldm.c.o
[18/98] Building C object _deps/zstd-build/lib/CMakeFiles/libzstd_static.dir/__/__/zstd-src/lib/compress/zstdmt_compress.c.o
[19/98] Building C object _deps/zstd-build/lib/CMakeFiles/libzstd_static.dir/__/__/zstd-src/lib/compress/zstd_compress.c.o
[20/98] Building C object _deps/zstd-build/lib/CMakeFiles/libzstd_static.dir/__/__/zstd-src/lib/decompress/huf_decompress_amd64.S.o
[21/98] Building C object _deps/zstd-build/lib/CMakeFiles/libzstd_static.dir/__/__/zstd-src/lib/compress/zstd_double_fast.c.o
[22/98] Building C object _deps/zstd-build/lib/CMakeFiles/libzstd_static.dir/__/__/zstd-src/lib/compress/zstd_opt.c.o
[23/98] Building C object _deps/zstd-build/lib/CMakeFiles/libzstd_static.dir/__/__/zstd-src/lib/compress/zstd_fast.c.o
[24/98] Building C object _deps/zstd-build/lib/CMakeFiles/libzstd_static.dir/__/__/zstd-src/lib/decompress/zstd_ddict.c.o
[25/98] Building C object _deps/zstd-build/lib/CMakeFiles/libzstd_static.dir/__/__/zstd-src/lib/decompress/zstd_decompress.c.o
[26/98] Building C object _deps/zstd-build/lib/CMakeFiles/libzstd_static.dir/__/__/zstd-src/lib/dictBuilder/cover.c.o
[27/98] Building C object _deps/zstd-build/lib/CMakeFiles/libzstd_static.dir/__/__/zstd-src/lib/decompress/huf_decompress.c.o
[28/98] Building C object _deps/zstd-build/lib/CMakeFiles/libzstd_static.dir/__/__/zstd-src/lib/dictBuilder/fastcover.c.o
[29/98] Building C object _deps/zstd-build/lib/CMakeFiles/libzstd_static.dir/__/__/zstd-src/lib/dictBuilder/divsufsort.c.o
[30/98] Linking CXX static library _deps/libadrenotools-build/lib/linkernsbypass/liblinkernsbypass.a
[31/98] Building C object _deps/zstd-build/lib/CMakeFiles/libzstd_static.dir/__/__/zstd-src/lib/decompress/zstd_decompress_block.c.o
[32/98] Building C object _deps/zstd-build/lib/CMakeFiles/libzstd_static.dir/__/__/zstd-src/lib/dictBuilder/zdict.c.o
[33/98] Building CXX object _deps/libadrenotools-build/CMakeFiles/adrenotools.dir/src/driver.cpp.o
/home/runner/work/rpcsx-ui-android/rpcsx-ui-android/app/.cxx/RelWithDebInfo/3q4p6b3h/arm64-v8a/_deps/libadrenotools-src/src/driver.cpp:109:5: warning: missing field 'id' initializer [-Wmissing-designated-field-initializers]
  109 |     };
      |     ^
/home/runner/work/rpcsx-ui-android/rpcsx-ui-android/app/.cxx/RelWithDebInfo/3q4p6b3h/arm64-v8a/_deps/libadrenotools-src/src/driver.cpp:145:5: warning: missing field 'va_len' initializer [-Wmissing-designated-field-initializers]
  145 |     };
      |     ^
2 warnings generated.
[34/98] Building CXX object CMakeFiles/rpcsx-android.dir/signal_handler.cpp.o
[35/98] Building CXX object _deps/libadrenotools-build/src/hook/CMakeFiles/hook_impl.dir/hook_impl.cpp.o
/home/runner/work/rpcsx-ui-android/rpcsx-ui-android/app/.cxx/RelWithDebInfo/3q4p6b3h/arm64-v8a/_deps/libadrenotools-src/src/hook/hook_impl.cpp:151:13: warning: missing field 'reserved_addr' initializer [-Wmissing-designated-field-initializers]
  151 |             };
      |             ^
/home/runner/work/rpcsx-ui-android/rpcsx-ui-android/app/.cxx/RelWithDebInfo/3q4p6b3h/arm64-v8a/_deps/libadrenotools-src/src/hook/hook_impl.cpp:211:9: warning: missing field 'id' initializer [-Wmissing-designated-field-initializers]
  211 |         };
      |         ^
/home/runner/work/rpcsx-ui-android/rpcsx-ui-android/app/.cxx/RelWithDebInfo/3q4p6b3h/arm64-v8a/_deps/libadrenotools-src/src/hook/hook_impl.cpp:220:9: warning: missing field 'flags' initializer [-Wmissing-designated-field-initializers]
  220 |         };
      |         ^
3 warnings generated.
[36/98] Building CXX object _deps/libadrenotools-build/CMakeFiles/adrenotools.dir/src/bcenabler.cpp.o
[37/98] Building CXX object CMakeFiles/rpcsx-android.dir/fastmem_mapper.cpp.o
[38/98] Building CXX object CMakeFiles/rpcsx-android.dir/native-lib.cpp.o
[39/98] Building CXX object CMakeFiles/rpcsx-android.dir/thread_scheduler.cpp.o
[40/98] Building C object _deps/zstd-build/lib/CMakeFiles/libzstd_static.dir/__/__/zstd-src/lib/compress/zstd_lazy.c.o
[41/98] Building CXX object CMakeFiles/rpcsx-android.dir/frostbite_hacks.cpp.o
/home/runner/work/rpcsx-ui-android/rpcsx-ui-android/app/src/main/cpp/frostbite_hacks.cpp:170:53: warning: more '%' conversions than data arguments [-Wformat-insufficient-args]
  170 |     LOGI("Shader complexity reduced - expect 20-30% FPS boost");
      |                                                   ~~^
/home/runner/work/rpcsx-ui-android/rpcsx-ui-android/app/src/main/cpp/frostbite_hacks.cpp:12:66: note: expanded from macro 'LOGI'
   12 | #define LOGI(...) __android_log_print(ANDROID_LOG_INFO, LOG_TAG, __VA_ARGS__)
      |                                                                  ^~~~~~~~~~~
/home/runner/work/rpcsx-ui-android/rpcsx-ui-android/app/src/main/cpp/frostbite_hacks.cpp:242:36: warning: more '%' conversions than data arguments [-Wformat-insufficient-args]
  242 |     LOGI("Culling optimized - ~15% fewer draw calls");
      |                                  ~~^
/home/runner/work/rpcsx-ui-android/rpcsx-ui-android/app/src/main/cpp/frostbite_hacks.cpp:12:66: note: expanded from macro 'LOGI'
   12 | #define LOGI(...) __android_log_print(ANDROID_LOG_INFO, LOG_TAG, __VA_ARGS__)
      |                                                                  ^~~~~~~~~~~
2 warnings generated.
[42/98] Building CXX object CMakeFiles/rpcsx-android.dir/shader_cache_manager.cpp.o
/home/runner/work/rpcsx-ui-android/rpcsx-ui-android/app/src/main/cpp/shader_cache_manager.cpp:375:69: warning: format specifies type 'unsigned long long' but the argument has type 'uint64_t' (aka 'unsigned long') [-Wformat]
  375 |     LOGI("Shader cached to L3: hash=%016llx (%u bytes compressed)", hash, size);
      |                                     ~~~~~~~                         ^~~~
      |                                     %016lx
/home/runner/work/rpcsx-ui-android/rpcsx-ui-android/app/src/main/cpp/shader_cache_manager.cpp:20:66: note: expanded from macro 'LOGI'
   20 | #define LOGI(...) __android_log_print(ANDROID_LOG_INFO, LOG_TAG, __VA_ARGS__)
      |                                                                  ^~~~~~~~~~~
/home/runner/work/rpcsx-ui-android/rpcsx-ui-android/app/src/main/cpp/shader_cache_manager.cpp:411:36: warning: format specifies type 'unsigned long long' but the argument has type 'unsigned long' [-Wformat]
  411 |     LOGI("L1 (Memory) hits: %llu", g_cache->l1_hits.load());
      |                             ~~~~   ^~~~~~~~~~~~~~~~~~~~~~~
      |                             %lu
/home/runner/work/rpcsx-ui-android/rpcsx-ui-android/app/src/main/cpp/shader_cache_manager.cpp:20:66: note: expanded from macro 'LOGI'
   20 | #define LOGI(...) __android_log_print(ANDROID_LOG_INFO, LOG_TAG, __VA_ARGS__)
      |                                                                  ^~~~~~~~~~~
/home/runner/work/rpcsx-ui-android/rpcsx-ui-android/app/src/main/cpp/shader_cache_manager.cpp:412:37: warning: format specifies type 'unsigned long long' but the argument has type 'unsigned long' [-Wformat]
  412 |     LOGI("L2 (UFS 4.0) hits: %llu", g_cache->l2_hits.load());
      |                              ~~~~   ^~~~~~~~~~~~~~~~~~~~~~~
      |                              %lu
/home/runner/work/rpcsx-ui-android/rpcsx-ui-android/app/src/main/cpp/shader_cache_manager.cpp:20:66: note: expanded from macro 'LOGI'
   20 | #define LOGI(...) __android_log_print(ANDROID_LOG_INFO, LOG_TAG, __VA_ARGS__)
      |                                                                  ^~~~~~~~~~~
/home/runner/work/rpcsx-ui-android/rpcsx-ui-android/app/src/main/cpp/shader_cache_manager.cpp:413:40: warning: format specifies type 'unsigned long long' but the argument has type 'unsigned long' [-Wformat]
  413 |     LOGI("L3 (Compressed) hits: %llu", g_cache->l3_hits.load());
      |                                 ~~~~   ^~~~~~~~~~~~~~~~~~~~~~~
      |                                 %lu
/home/runner/work/rpcsx-ui-android/rpcsx-ui-android/app/src/main/cpp/shader_cache_manager.cpp:20:66: note: expanded from macro 'LOGI'
   20 | #define LOGI(...) __android_log_print(ANDROID_LOG_INFO, LOG_TAG, __VA_ARGS__)
      |                                                                  ^~~~~~~~~~~
/home/runner/work/rpcsx-ui-android/rpcsx-ui-android/app/src/main/cpp/shader_cache_manager.cpp:414:32: warning: format specifies type 'unsigned long long' but the argument has type 'unsigned long' [-Wformat]
  414 |     LOGI("Cache misses: %llu", g_cache->cache_misses.load());
      |                         ~~~~   ^~~~~~~~~~~~~~~~~~~~~~~~~~~~
      |                         %lu
/home/runner/work/rpcsx-ui-android/rpcsx-ui-android/app/src/main/cpp/shader_cache_manager.cpp:20:66: note: expanded from macro 'LOGI'
   20 | #define LOGI(...) __android_log_print(ANDROID_LOG_INFO, LOG_TAG, __VA_ARGS__)
      |                                                                  ^~~~~~~~~~~
5 warnings generated.
[43/98] Building CXX object CMakeFiles/rpcsx-android.dir/nce_engine.cpp.o
[44/98] Building CXX object CMakeFiles/rpcsx-android.dir/fsr31/fsr31.cpp.o
[45/98] Building CXX object CMakeFiles/rpcsx-android.dir/nce_jit/ppc_decoder.cpp.o
[46/98] Building CXX object CMakeFiles/rpcsx-android.dir/nce_jit/arm64_emitter.cpp.o
[47/98] Building CXX object CMakeFiles/rpcsx-android.dir/realsteel_hacks.cpp.o
[48/98] Building CXX object CMakeFiles/rpcsx-android.dir/nce_core/nce_standalone.cpp.o
[49/98] Building CXX object CMakeFiles/rpcsx-android.dir/game_patches.cpp.o
[50/98] Building CXX object CMakeFiles/rpcsx-android.dir/vulkan_renderer.cpp.o
[51/98] Building CXX object CMakeFiles/rpcsx-android.dir/nce_v8/nce_v8.cpp.o
[52/98] Building CXX object CMakeFiles/rpcsx-android.dir/nce_v8/tiered_jit.cpp.o
/home/runner/work/rpcsx-ui-android/rpcsx-ui-android/app/src/main/cpp/nce_v8/tiered_jit.cpp:164:13: warning: shift count >= width of type [-Wshift-count-overflow]
  164 |         imm <<= 16;
      |             ^   ~~
1 warning generated.
[53/98] Building C object _deps/zstd-build/lib/CMakeFiles/libzstd_shared.dir/__/__/zstd-src/lib/common/debug.c.o
[54/98] Building CXX object CMakeFiles/rpcsx-android.dir/plt_hook.cpp.o
[55/98] Building CXX object CMakeFiles/rpcsx-android.dir/nce_core/nce_native.cpp.o
FAILED: CMakeFiles/rpcsx-android.dir/nce_core/nce_native.cpp.o 
/usr/local/lib/android/sdk/ndk/29.0.13113456/toolchains/llvm/prebuilt/linux-x86_64/bin/clang++ --target=aarch64-none-linux-android29 --sysroot=/usr/local/lib/android/sdk/ndk/29.0.13113456/toolchains/llvm/prebuilt/linux-x86_64/sysroot -Drpcsx_android_EXPORTS -I/home/runner/work/rpcsx-ui-android/rpcsx-ui-android/app/.cxx/RelWithDebInfo/3q4p6b3h/arm64-v8a/_deps/zstd-src/lib -I/home/runner/work/rpcsx-ui-android/rpcsx-ui-android/app/src/main/cpp -I/home/runner/work/rpcsx-ui-android/rpcsx-ui-android/app/.cxx/RelWithDebInfo/3q4p6b3h/arm64-v8a/_deps/libadrenotools-src/include -I/home/runner/work/rpcsx-ui-android/rpcsx-ui-android/app/.cxx/RelWithDebInfo/3q4p6b3h/arm64-v8a/_deps/libadrenotools-src/lib/linkernsbypass/. -g -DANDROID -fdata-sections -ffunction-sections -funwind-tables -fstack-protector-strong -no-canonical-prefixes -D_FORTIFY_SOURCE=2 -Wformat -Werror=format-security   -O2 -g -DNDEBUG -std=gnu++20 -fPIC -Ofast -O3 -ffast-math -ftree-vectorize -funroll-loops -finline-functions -fdata-sections -ffunction-sections -Wno-unused-command-line-argument -mcpu=cortex-x4 -march=armv9-a+sve2 -flto -MD -MT CMakeFiles/rpcsx-android.dir/nce_core/nce_native.cpp.o -MF CMakeFiles/rpcsx-android.dir/nce_core/nce_native.cpp.o.d -o CMakeFiles/rpcsx-android.dir/nce_core/nce_native.cpp.o -c /home/runner/work/rpcsx-ui-android/rpcsx-ui-android/app/src/main/cpp/nce_core/nce_native.cpp
/home/runner/work/rpcsx-ui-android/rpcsx-ui-android/app/src/main/cpp/nce_core/nce_native.cpp:741:68: error: no member named 'GetMainMemory' in 'rpcsx::nce::ps3::PS3MemoryManager'
  741 |     ppu_interpreter_->Initialize(ps3::PS3MemoryManager::Instance().GetMainMemory(),
      |                                  ~~~~~~~~~~~~~~~~~~~~~~~~~~~~~~~~~ ^
/home/runner/work/rpcsx-ui-android/rpcsx-ui-android/app/src/main/cpp/nce_core/nce_native.cpp:768:27: error: no member named 'Shutdown' in 'rpcsx::ppu::PPUInterpreter'
  768 |         ppu_interpreter_->Shutdown();
      |         ~~~~~~~~~~~~~~~~~~^
/home/runner/work/rpcsx-ui-android/rpcsx-ui-android/app/src/main/cpp/nce_core/nce_native.cpp:904:43: error: no member named 'GetMainMemory' in 'rpcsx::nce::ps3::PS3MemoryManager'
  904 |         ps3::PS3MemoryManager::Instance().GetMainMemory(),
      |         ~~~~~~~~~~~~~~~~~~~~~~~~~~~~~~~~~ ^
/home/runner/work/rpcsx-ui-android/rpcsx-ui-android/app/src/main/cpp/nce_core/nce_native.cpp:910:17: error: member access into incomplete type 'rpcsx::spu::SPUJITCompiler'
  910 |         spu_jit_->Initialize(64 * 1024 * 1024);
      |                 ^
/home/runner/work/rpcsx-ui-android/rpcsx-ui-android/app/src/main/cpp/nce_core/nce_native.h:33:45: note: forward declaration of 'rpcsx::spu::SPUJITCompiler'
   33 | namespace spu { class SPUThreadGroup; class SPUJITCompiler; }
      |                                             ^
In file included from /home/runner/work/rpcsx-ui-android/rpcsx-ui-android/app/src/main/cpp/nce_core/nce_native.cpp:3:
In file included from /home/runner/work/rpcsx-ui-android/rpcsx-ui-android/app/src/main/cpp/nce_core/nce_native.h:19:
In file included from /usr/local/lib/android/sdk/ndk/29.0.13113456/toolchains/llvm/prebuilt/linux-x86_64/sysroot/usr/include/c++/v1/memory:940:
In file included from /usr/local/lib/android/sdk/ndk/29.0.13113456/toolchains/llvm/prebuilt/linux-x86_64/sysroot/usr/include/c++/v1/__memory/allocator.h:15:
In file included from /usr/local/lib/android/sdk/ndk/29.0.13113456/toolchains/llvm/prebuilt/linux-x86_64/sysroot/usr/include/c++/v1/__memory/allocate_at_least.h:13:
/usr/local/lib/android/sdk/ndk/29.0.13113456/toolchains/llvm/prebuilt/linux-x86_64/sysroot/usr/include/c++/v1/__memory/allocator_traits.h:328:5: error: no matching function for call to '__construct_at'
  328 |     std::__construct_at(__p, std::forward<_Args>(__args)...);
      |     ^~~~~~~~~~~~~~~~~~~
/usr/local/lib/android/sdk/ndk/29.0.13113456/toolchains/llvm/prebuilt/linux-x86_64/sysroot/usr/include/c++/v1/vector:960:21: note: in instantiation of function template specialization 'std::allocator_traits<std::allocator<rpcsx::nce::SPUExecutionEngine::SPUThread>>::construct<rpcsx::nce::SPUExecutionEngine::SPUThread, rpcsx::nce::SPUExecutionEngine::SPUThread, void, 0>' requested here
  960 |     __alloc_traits::construct(this->__alloc(), std::__to_address(__tx.__pos_), std::forward<_Args>(__args)...);
      |                     ^
/usr/local/lib/android/sdk/ndk/29.0.13113456/toolchains/llvm/prebuilt/linux-x86_64/sysroot/usr/include/c++/v1/vector:1522:5: note: in instantiation of function template specialization 'std::vector<rpcsx::nce::SPUExecutionEngine::SPUThread>::__construct_one_at_end<rpcsx::nce::SPUExecutionEngine::SPUThread>' requested here
 1522 |     __construct_one_at_end(std::move(__x));
      |     ^
/home/runner/work/rpcsx-ui-android/rpcsx-ui-android/app/src/main/cpp/nce_core/nce_native.cpp:938:24: note: in instantiation of member function 'std::vector<rpcsx::nce::SPUExecutionEngine::SPUThread>::push_back' requested here
  938 |         group->threads.push_back(std::move(spu));
      |                        ^
/usr/local/lib/android/sdk/ndk/29.0.13113456/toolchains/llvm/prebuilt/linux-x86_64/sysroot/usr/include/c++/v1/__memory/construct_at.h:47:58: note: candidate template ignored: substitution failure [with _Tp = rpcsx::nce::SPUExecutionEngine::SPUThread, _Args = <rpcsx::nce::SPUExecutionEngine::SPUThread>]: call to implicitly-deleted copy constructor of 'rpcsx::nce::SPUExecutionEngine::SPUThread'
   46 | template <class _Tp, class... _Args, class = decltype(::new(std::declval<void*>()) _Tp(std::declval<_Args>()...))>
      |                                                                                    ~~~
   47 | _LIBCPP_HIDE_FROM_ABI _LIBCPP_CONSTEXPR_SINCE_CXX20 _Tp* __construct_at(_Tp* __location, _Args&&... __args) {
      |                                                          ^
In file included from /home/runner/work/rpcsx-ui-android/rpcsx-ui-android/app/src/main/cpp/nce_core/nce_native.cpp:3:
In file included from /home/runner/work/rpcsx-ui-android/rpcsx-ui-android/app/src/main/cpp/nce_core/nce_native.h:19:
In file included from /usr/local/lib/android/sdk/ndk/29.0.13113456/toolchains/llvm/prebuilt/linux-x86_64/sysroot/usr/include/c++/v1/memory:944:
In file included from /usr/local/lib/android/sdk/ndk/29.0.13113456/toolchains/llvm/prebuilt/linux-x86_64/sysroot/usr/include/c++/v1/__memory/inout_ptr.h:16:
In file included from /usr/local/lib/android/sdk/ndk/29.0.13113456/toolchains/llvm/prebuilt/linux-x86_64/sysroot/usr/include/c++/v1/__memory/shared_ptr.h:31:
/usr/local/lib/android/sdk/ndk/29.0.13113456/toolchains/llvm/prebuilt/linux-x86_64/sysroot/usr/include/c++/v1/__memory/uninitialized_algorithms.h:620:17: error: static assertion failed due to requirement '__is_cpp17_move_insertable<std::allocator<rpcsx::nce::SPUExecutionEngine::SPUThread>, void>::value': The specified type does not meet the requirements of Cpp17MoveInsertable
  620 |   static_assert(__is_cpp17_move_insertable<_Alloc>::value,
      |                 ^~~~~~~~~~~~~~~~~~~~~~~~~~~~~~~~~~~~~~~~~
/usr/local/lib/android/sdk/ndk/29.0.13113456/toolchains/llvm/prebuilt/linux-x86_64/sysroot/usr/include/c++/v1/vector:1051:8: note: in instantiation of function template specialization 'std::__uninitialized_allocator_relocate<std::allocator<rpcsx::nce::SPUExecutionEngine::SPUThread>, rpcsx::nce::SPUExecutionEngine::SPUThread>' requested here
 1051 |   std::__uninitialized_allocator_relocate(
      |        ^
/usr/local/lib/android/sdk/ndk/29.0.13113456/toolchains/llvm/prebuilt/linux-x86_64/sysroot/usr/include/c++/v1/vector:1501:3: note: in instantiation of member function 'std::vector<rpcsx::nce::SPUExecutionEngine::SPUThread>::__swap_out_circular_buffer' requested here
 1501 |   __swap_out_circular_buffer(__v);
      |   ^
/usr/local/lib/android/sdk/ndk/29.0.13113456/toolchains/llvm/prebuilt/linux-x86_64/sysroot/usr/include/c++/v1/vector:1525:13: note: in instantiation of function template specialization 'std::vector<rpcsx::nce::SPUExecutionEngine::SPUThread>::__push_back_slow_path<rpcsx::nce::SPUExecutionEngine::SPUThread>' requested here
 1525 |     __end = __push_back_slow_path(std::move(__x));
      |             ^
/home/runner/work/rpcsx-ui-android/rpcsx-ui-android/app/src/main/cpp/nce_core/nce_native.cpp:938:24: note: in instantiation of member function 'std::vector<rpcsx::nce::SPUExecutionEngine::SPUThread>::push_back' requested here
  938 |         group->threads.push_back(std::move(spu));
      |                        ^
In file included from /home/runner/work/rpcsx-ui-android/rpcsx-ui-android/app/src/main/cpp/nce_core/nce_native.cpp:3:
In file included from /home/runner/work/rpcsx-ui-android/rpcsx-ui-android/app/src/main/cpp/nce_core/nce_native.h:19:
In file included from /usr/local/lib/android/sdk/ndk/29.0.13113456/toolchains/llvm/prebuilt/linux-x86_64/sysroot/usr/include/c++/v1/memory:944:
In file included from /usr/local/lib/android/sdk/ndk/29.0.13113456/toolchains/llvm/prebuilt/linux-x86_64/sysroot/usr/include/c++/v1/__memory/inout_ptr.h:16:
In file included from /usr/local/lib/android/sdk/ndk/29.0.13113456/toolchains/llvm/prebuilt/linux-x86_64/sysroot/usr/include/c++/v1/__memory/shared_ptr.h:32:
/usr/local/lib/android/sdk/ndk/29.0.13113456/toolchains/llvm/prebuilt/linux-x86_64/sysroot/usr/include/c++/v1/__memory/unique_ptr.h:66:19: error: invalid application of 'sizeof' to an incomplete type 'rpcsx::spu::SPUJITCompiler'
   66 |     static_assert(sizeof(_Tp) >= 0, "cannot delete an incomplete type");
      |                   ^~~~~~~~~~~
/usr/local/lib/android/sdk/ndk/29.0.13113456/toolchains/llvm/prebuilt/linux-x86_64/sysroot/usr/include/c++/v1/__memory/unique_ptr.h:280:7: note: in instantiation of member function 'std::default_delete<rpcsx::spu::SPUJITCompiler>::operator()' requested here
  280 |       __ptr_.second()(__tmp);
      |       ^
/usr/local/lib/android/sdk/ndk/29.0.13113456/toolchains/llvm/prebuilt/linux-x86_64/sysroot/usr/include/c++/v1/__memory/unique_ptr.h:249:71: note: in instantiation of member function 'std::unique_ptr<rpcsx::spu::SPUJITCompiler>::reset' requested here
  249 |   _LIBCPP_HIDE_FROM_ABI _LIBCPP_CONSTEXPR_SINCE_CXX23 ~unique_ptr() { reset(); }
      |                                                                       ^
/home/runner/work/rpcsx-ui-android/rpcsx-ui-android/app/src/main/cpp/nce_core/nce_native.cpp:893:21: note: in instantiation of member function 'std::unique_ptr<rpcsx::spu::SPUJITCompiler>::~unique_ptr' requested here
  893 | SPUExecutionEngine::SPUExecutionEngine() {
      |                     ^
/home/runner/work/rpcsx-ui-android/rpcsx-ui-android/app/src/main/cpp/nce_core/nce_native.h:33:45: note: forward declaration of 'rpcsx::spu::SPUJITCompiler'
   33 | namespace spu { class SPUThreadGroup; class SPUJITCompiler; }
      |                                             ^
In file included from /home/runner/work/rpcsx-ui-android/rpcsx-ui-android/app/src/main/cpp/nce_core/nce_native.cpp:3:
In file included from /home/runner/work/rpcsx-ui-android/rpcsx-ui-android/app/src/main/cpp/nce_core/nce_native.h:19:
In file included from /usr/local/lib/android/sdk/ndk/29.0.13113456/toolchains/llvm/prebuilt/linux-x86_64/sysroot/usr/include/c++/v1/memory:944:
In file included from /usr/local/lib/android/sdk/ndk/29.0.13113456/toolchains/llvm/prebuilt/linux-x86_64/sysroot/usr/include/c++/v1/__memory/inout_ptr.h:16:
In file included from /usr/local/lib/android/sdk/ndk/29.0.13113456/toolchains/llvm/prebuilt/linux-x86_64/sysroot/usr/include/c++/v1/__memory/shared_ptr.h:32:
/usr/local/lib/android/sdk/ndk/29.0.13113456/toolchains/llvm/prebuilt/linux-x86_64/sysroot/usr/include/c++/v1/__memory/unique_ptr.h:622:30: error: allocation of incomplete type 'rpcsx::spu::SPUJITCompiler'
  622 |   return unique_ptr<_Tp>(new _Tp(std::forward<_Args>(__args)...));
      |                              ^~~
/home/runner/work/rpcsx-ui-android/rpcsx-ui-android/app/src/main/cpp/nce_core/nce_native.cpp:895:21: note: in instantiation of function template specialization 'std::make_unique<rpcsx::spu::SPUJITCompiler>' requested here
  895 |     spu_jit_ = std::make_unique<spu::SPUJITCompiler>();
      |                     ^
/home/runner/work/rpcsx-ui-android/rpcsx-ui-android/app/src/main/cpp/nce_core/nce_native.h:33:45: note: forward declaration of 'rpcsx::spu::SPUJITCompiler'
   33 | namespace spu { class SPUThreadGroup; class SPUJITCompiler; }
      |                                             ^
8 errors generated.
[56/98] Building CXX object CMakeFiles/rpcsx-android.dir/nce_v8/llvm_backend.cpp.o
[57/98] Building C object _deps/zstd-build/lib/CMakeFiles/libzstd_shared.dir/__/__/zstd-src/lib/common/error_private.c.o
[58/98] Building C object _deps/zstd-build/lib/CMakeFiles/libzstd_shared.dir/__/__/zstd-src/lib/common/entropy_common.c.o
[59/98] Building CXX object CMakeFiles/rpcsx-android.dir/ppu_interceptor.cpp.o
[60/98] Building CXX object CMakeFiles/rpcsx-android.dir/nce_hook.cpp.o
ninja: build stopped: subcommand failed.

C++ build system [build] failed while executing:
    /usr/local/lib/android/sdk/cmake/3.31.6/bin/ninja \
      -C \
      /home/runner/work/rpcsx-ui-android/rpcsx-ui-android/app/.cxx/RelWithDebInfo/3q4p6b3h/arm64-v8a \
      file_redirect_hook \
      gsl_alloc_hook \
      hook_impl \
      libzstd_shared \
      main_hook \
      rpcsx-android
  from /home/runner/work/rpcsx-ui-android/rpcsx-ui-android/app
	at com.android.build.gradle.internal.cxx.process.ExecuteProcessKt.execute(ExecuteProcess.kt:288)
	at com.android.build.gradle.internal.cxx.process.ExecuteProcessKt$executeProcess$1.invoke(ExecuteProcess.kt:108)
	at com.android.build.gradle.internal.cxx.process.ExecuteProcessKt$executeProcess$1.invoke(ExecuteProcess.kt:106)
	at com.android.build.gradle.internal.cxx.timing.TimingEnvironmentKt.time(TimingEnvironment.kt:32)
	at com.android.build.gradle.internal.cxx.process.ExecuteProcessKt.executeProcess(ExecuteProcess.kt:106)
	at com.android.build.gradle.internal.cxx.process.ExecuteProcessKt.executeProcess$default(ExecuteProcess.kt:85)
	at com.android.build.gradle.internal.cxx.build.CxxRegularBuilder.executeProcessBatch(CxxRegularBuilder.kt:332)
	at com.android.build.gradle.internal.cxx.build.CxxRegularBuilder.build(CxxRegularBuilder.kt:129)
	at com.android.build.gradle.tasks.ExternalNativeBuildTask.doTaskAction(ExternalNativeBuildTask.kt:72)
	at com.android.build.gradle.internal.tasks.UnsafeOutputsTask$taskAction$$inlined$recordTaskAction$1.invoke(BaseTask.kt:59)
	at com.android.build.gradle.internal.tasks.Blocks.recordSpan(Blocks.java:51)
	at com.android.build.gradle.internal.tasks.UnsafeOutputsTask.taskAction(UnsafeOutputsTask.kt:81)
	at java.base/jdk.internal.reflect.NativeMethodAccessorImpl.invoke0(Native Method)
	at java.base/jdk.internal.reflect.NativeMethodAccessorImpl.invoke(NativeMethodAccessorImpl.java:77)
	at java.base/jdk.internal.reflect.DelegatingMethodAccessorImpl.invoke(DelegatingMethodAccessorImpl.java:43)
	at org.gradle.internal.reflect.JavaMethod.invoke(JavaMethod.java:125)
	... 116 more
Caused by: com.android.ide.common.process.ProcessException: Error while executing process /usr/local/lib/android/sdk/cmake/3.31.6/bin/ninja with arguments {-C /home/runner/work/rpcsx-ui-android/rpcsx-ui-android/app/.cxx/RelWithDebInfo/3q4p6b3h/arm64-v8a file_redirect_hook gsl_alloc_hook hook_impl libzstd_shared main_hook rpcsx-android}
	at com.android.build.gradle.internal.process.GradleProcessResult.buildProcessException(GradleProcessResult.java:73)
	at com.android.build.gradle.internal.process.GradleProcessResult.assertNormalExitValue(GradleProcessResult.java:48)
	at com.android.build.gradle.internal.cxx.process.ExecuteProcessKt.execute(ExecuteProcess.kt:277)
	... 131 more
Caused by: org.gradle.process.internal.ExecException: Process 'command '/usr/local/lib/android/sdk/cmake/3.31.6/bin/ninja'' finished with non-zero exit value 1
	at org.gradle.process.internal.DefaultExecHandle$ExecResultImpl.assertNormalExitValue(DefaultExecHandle.java:442)
	at com.android.build.gradle.internal.process.GradleProcessResult.assertNormalExitValue(GradleProcessResult.java:46)
	... 132 more


BUILD FAILED in 2m 34s
2 actionable tasks: 2 executed
